2020-12-12 12:23:24,609 INFO  [org.jboss.modules] (main) JBoss Modules version 1.9.1.Final
2020-12-12 12:23:25,109 INFO  [org.jboss.msc] (main) JBoss MSC version 1.4.11.Final
2020-12-12 12:23:25,127 INFO  [org.jboss.threads] (main) JBoss Threads version 2.3.3.Final
2020-12-12 12:23:25,714 INFO  [org.jboss.as] (MSC service thread 1-2) WFLYSRV0049: WildFly Full 18.0.1.Final (WildFly Core 10.0.3.Final) starting
2020-12-12 12:23:25,716 DEBUG [org.jboss.as.config] (MSC service thread 1-2) Configured system properties:
	[Server:master] = 
	[pcid:1963481465] = 
	awt.toolkit = sun.awt.windows.WToolkit
	file.encoding = Cp1252
	file.encoding.pkg = sun.io
	file.separator = \
	java.awt.graphicsenv = sun.awt.Win32GraphicsEnvironment
	java.awt.printerjob = sun.awt.windows.WPrinterJob
	java.class.path = c:\enterprise\wildfly-18.0.1.Final\jboss-modules.jar
	java.class.version = 52.0
	java.endorsed.dirs = C:\enterprise\jdk1.8.0_191\jre\lib\endorsed
	java.ext.dirs = C:\enterprise\jdk1.8.0_191\jre\lib\ext;C:\WINDOWS\Sun\Java\lib\ext
	java.home = C:\enterprise\jdk1.8.0_191\jre
	java.io.tmpdir = C:\Users\afort\AppData\Local\Temp\
	java.library.path = C:\enterprise\jdk1.8.0_191\bin;C:\WINDOWS\Sun\Java\bin;C:\WINDOWS\system32;C:\WINDOWS;C:\Program Files\Microsoft MPI\Bin\;C:\Program Files (x86)\Python36-32\Scripts\;C:\Program Files (x86)\Python36-32\;C:\WINDOWS\system32;C:\WINDOWS;C:\WINDOWS\System32\Wbem;C:\WINDOWS\System32\WindowsPowerShell\v1.0\;C:\Program Files (x86)\Common Files\Acronis\SnapAPI\;C:\WINDOWS\System32\OpenSSH\;C:\Program Files\PuTTY\;C:\Program Files\Intel\WiFi\bin\;C:\Program Files\Common Files\Intel\WirelessCommon\;C:\Program Files (x86)\Intel\Intel(R) Management Engine Components\DAL;C:\Program Files\Intel\Intel(R) Management Engine Components\DAL;C:\Windows\System32;C:\enterprise\Python27;C:\Users\afort\AppData\Local\Microsoft\WindowsApps;C:\Users\afort\AppData\Local\Programs\Microsoft VS Code\bin;C:\Users\afort\AppData\Local\Programs\Git\cmd;C:\Users\afort\AppData\Local\Programs\Git\mingw64\bin;C:\Users\afort\AppData\Local\Programs\Git\usr\bin;C:\Users\afort\AppData\Local\Programs\Microsoft VS Code Insiders\bin;C:\Users\afort\AppData\Local\Microsoft\WindowsApps;C:\Users\afort\AppData\Local\Programs\Python\Python38\Scripts;C:\Users\afort\AppData\Local\Programs\Python\Python38\;C:\enterprise\jdk1.8.0_191\jre\bin;C:\enterprise\jdk1.8.0_191\bin;c:\enterprise\apache-ant-1.10.1\bin;c:\enterprise\apache-maven-3.5.0\bin;C:\enterprise\eclipse;C:\enterprise\pandoc-2.2.3.2;C:\enterprise\Graphviz2.38\bin\;c:\enterprise\wildfly-18.0.1.Final\bin;C:\enterprise\php;C:\Windows\System32;C:\enterprise\apache-karaf-4.3.0\bin;C:\enterprise\apache-cassandra-3.11.9\bin;C:\enterprise\hadoop-2.7.1\bin;C:\enterprise\hadoop-2.7.1\sbin;C:\enterprise\spark-2.4.7-bin-hadoop2.7\bin;C:\enterprise\scala\bin;;.
	java.net.preferIPv4Stack = true
	java.runtime.name = Java(TM) SE Runtime Environment
	java.runtime.version = 1.8.0_191-b12
	java.specification.name = Java Platform API Specification
	java.specification.vendor = Oracle Corporation
	java.specification.version = 1.8
	java.util.logging.manager = org.jboss.logmanager.LogManager
	java.vendor = Oracle Corporation
	java.vendor.url = http://java.oracle.com/
	java.vendor.url.bug = http://bugreport.sun.com/bugreport/
	java.version = 1.8.0_191
	java.vm.info = mixed mode
	java.vm.name = Java HotSpot(TM) 64-Bit Server VM
	java.vm.specification.name = Java Virtual Machine Specification
	java.vm.specification.vendor = Oracle Corporation
	java.vm.specification.version = 1.8
	java.vm.vendor = Oracle Corporation
	java.vm.version = 25.191-b12
	javax.management.builder.initial = org.jboss.as.jmx.PluggableMBeanServerBuilder
	jboss.domain.base.dir = c:\enterprise\wildfly-18.0.1.Final\slave-1
	jboss.domain.config.dir = c:\enterprise\wildfly-18.0.1.Final\slave-1\configuration
	jboss.domain.master.address = 127.0.0.1
	jboss.home.dir = c:\enterprise\wildfly-18.0.1.Final
	jboss.host.name = laptop-np5ogj1q
	jboss.modules.dir = c:\enterprise\wildfly-18.0.1.Final\modules
	jboss.modules.system.pkgs = org.jboss.byteman
	jboss.node.name = slave-1:master
	jboss.qualified.host.name = laptop-np5ogj1q
	jboss.server.base.dir = c:\enterprise\wildfly-18.0.1.Final\slave-1\servers\master
	jboss.server.config.dir = c:\enterprise\wildfly-18.0.1.Final\slave-1\servers\master\configuration
	jboss.server.data.dir = c:\enterprise\wildfly-18.0.1.Final\slave-1\servers\master\data
	jboss.server.deploy.dir = c:\enterprise\wildfly-18.0.1.Final\slave-1\servers\master\data\content
	jboss.server.log.dir = c:\enterprise\wildfly-18.0.1.Final\slave-1\servers\master\log
	jboss.server.name = master
	jboss.server.persist.config = true
	jboss.server.temp.dir = c:\enterprise\wildfly-18.0.1.Final\slave-1\servers\master\tmp
	line.separator = 

	logging.configuration = file:/c:/enterprise/wildfly-18.0.1.Final/slave-1/configuration/default-server-logging.properties
	module.path = c:\enterprise\wildfly-18.0.1.Final\modules
	org.jboss.boot.log.file = c:\enterprise\wildfly-18.0.1.Final\slave-1\servers\master\log\server.log
	org.jboss.resolver.warning = true
	os.arch = amd64
	os.name = Windows 10
	os.version = 10.0
	path.separator = ;
	sun.arch.data.model = 64
	sun.boot.class.path = C:\enterprise\jdk1.8.0_191\jre\lib\resources.jar;C:\enterprise\jdk1.8.0_191\jre\lib\rt.jar;C:\enterprise\jdk1.8.0_191\jre\lib\sunrsasign.jar;C:\enterprise\jdk1.8.0_191\jre\lib\jsse.jar;C:\enterprise\jdk1.8.0_191\jre\lib\jce.jar;C:\enterprise\jdk1.8.0_191\jre\lib\charsets.jar;C:\enterprise\jdk1.8.0_191\jre\lib\jfr.jar;C:\enterprise\jdk1.8.0_191\jre\classes
	sun.boot.library.path = C:\enterprise\jdk1.8.0_191\jre\bin
	sun.cpu.endian = little
	sun.cpu.isalist = amd64
	sun.desktop = windows
	sun.io.unicode.encoding = UnicodeLittle
	sun.java.command = c:\enterprise\wildfly-18.0.1.Final\jboss-modules.jar -mp c:\enterprise\wildfly-18.0.1.Final\modules org.jboss.as.server
	sun.java.launcher = SUN_STANDARD
	sun.jnu.encoding = Cp1252
	sun.management.compiler = HotSpot 64-Bit Tiered Compilers
	sun.os.patch.level = 
	user.country = US
	user.dir = c:\enterprise\wildfly-18.0.1.Final
	user.home = C:\Users\afort
	user.language = en
	user.name = afort
	user.script = 
	user.timezone = America/New_York
	user.variant = 
2020-12-12 12:23:25,718 DEBUG [org.jboss.as.config] (MSC service thread 1-2) VM Arguments: -D[Server:master] -D[pcid:1963481465] -Xms64m -Xmx256m -XX:MetaspaceSize=96m -XX:MaxMetaspaceSize=256m -Djava.net.preferIPv4Stack=true -Djboss.domain.base.dir=slave-1 -Djboss.domain.master.address=127.0.0.1 -Djboss.home.dir=c:\enterprise\wildfly-18.0.1.Final -Djboss.modules.system.pkgs=org.jboss.byteman -Djboss.server.log.dir=c:\enterprise\wildfly-18.0.1.Final\slave-1\servers\master\log -Djboss.server.temp.dir=c:\enterprise\wildfly-18.0.1.Final\slave-1\servers\master\tmp -Djboss.server.data.dir=c:\enterprise\wildfly-18.0.1.Final\slave-1\servers\master\data -Dorg.jboss.boot.log.file=c:\enterprise\wildfly-18.0.1.Final\slave-1\servers\master\log\server.log -Dlogging.configuration=file:/c:/enterprise/wildfly-18.0.1.Final/slave-1/configuration/default-server-logging.properties 
2020-12-12 12:23:25,921 INFO  [org.xnio] (MSC service thread 1-1) XNIO version 3.7.3.Final
2020-12-12 12:23:25,932 INFO  [org.xnio.nio] (MSC service thread 1-1) XNIO NIO Implementation Version 3.7.3.Final
2020-12-12 12:23:25,985 INFO  [org.jboss.remoting] (MSC service thread 1-2) JBoss Remoting version 5.0.15.Final
2020-12-12 12:23:26,773 INFO  [org.wildfly.security] (ServerService Thread Pool -- 2) ELY00001: WildFly Elytron version 1.10.4.Final
2020-12-12 12:23:29,847 INFO  [org.jboss.as.controller.management-deprecated] (ServerService Thread Pool -- 30) WFLYCTL0028: Attribute 'security-realm' in the resource at address '/subsystem=undertow/server=default-server/https-listener=https' is deprecated, and may be removed in a future version. See the attribute description in the output of the read-resource-description operation to learn more about the deprecation.
2020-12-12 12:23:30,094 INFO  [org.wildfly.extension.microprofile.config.smallrye._private] (ServerService Thread Pool -- 62) WFLYCONF0001: Activating WildFly MicroProfile Config Subsystem
2020-12-12 12:23:30,098 INFO  [org.jboss.as.jaxrs] (ServerService Thread Pool -- 53) WFLYRS0016: RESTEasy version 3.9.1.Final
2020-12-12 12:23:30,129 INFO  [org.wildfly.extension.microprofile.opentracing] (ServerService Thread Pool -- 63) WFLYTRACEXT0001: Activating MicroProfile OpenTracing Subsystem
2020-12-12 12:23:30,130 WARN  [org.jboss.as.txn] (ServerService Thread Pool -- 72) WFLYTX0013: The node-identifier attribute on the /subsystem=transactions is set to the default value. This is a danger for environments running multiple servers. Please make sure the attribute value is unique.
2020-12-12 12:23:30,165 INFO  [org.jboss.as.clustering.infinispan] (ServerService Thread Pool -- 51) WFLYCLINF0001: Activating Infinispan subsystem.
2020-12-12 12:23:30,184 INFO  [org.wildfly.extension.io] (ServerService Thread Pool -- 52) WFLYIO001: Worker 'default' has auto-configured to 8 core threads with 64 task threads based on your 4 available processors
2020-12-12 12:23:30,194 INFO  [org.jboss.as.webservices] (ServerService Thread Pool -- 74) WFLYWS0002: Activating WebServices Extension
2020-12-12 12:23:30,201 INFO  [org.wildfly.iiop.openjdk] (ServerService Thread Pool -- 50) WFLYIIOP0001: Activating IIOP Subsystem
2020-12-12 12:23:30,235 INFO  [org.jboss.as.jsf] (ServerService Thread Pool -- 58) WFLYJSF0007: Activated the following JSF Implementations: [main]
2020-12-12 12:23:30,249 INFO  [org.wildfly.extension.undertow] (MSC service thread 1-7) WFLYUT0003: Undertow 2.0.27.Final starting
2020-12-12 12:23:30,257 INFO  [org.jboss.as.naming] (ServerService Thread Pool -- 64) WFLYNAM0001: Activating Naming Subsystem
2020-12-12 12:23:30,260 INFO  [org.jboss.as.security] (ServerService Thread Pool -- 70) WFLYSEC0002: Activating Security Subsystem
2020-12-12 12:23:30,317 INFO  [org.jboss.as.connector.subsystems.datasources] (ServerService Thread Pool -- 43) WFLYJCA0004: Deploying JDBC-compliant driver class org.h2.Driver (version 1.4)
2020-12-12 12:23:30,320 INFO  [org.jboss.as.connector] (MSC service thread 1-8) WFLYJCA0009: Starting JCA Subsystem (WildFly/IronJacamar 1.4.17.Final)
2020-12-12 12:23:30,321 INFO  [org.jboss.as.security] (MSC service thread 1-5) WFLYSEC0001: Current PicketBox version=5.0.3.Final
2020-12-12 12:23:30,329 INFO  [org.wildfly.extension.undertow] (ServerService Thread Pool -- 73) WFLYUT0014: Creating file handler for path 'c:\enterprise\wildfly-18.0.1.Final/welcome-content' with options [directory-listing: 'false', follow-symlink: 'false', case-sensitive: 'true', safe-symlink-paths: '[]']
2020-12-12 12:23:30,343 INFO  [org.jboss.as.connector.deployers.jdbc] (MSC service thread 1-1) WFLYJCA0018: Started Driver service with driver-name = h2
2020-12-12 12:23:30,378 INFO  [org.jboss.as.ejb3] (MSC service thread 1-7) WFLYEJB0481: Strict pool slsb-strict-max-pool is using a max instance size of 64 (per class), which is derived from thread worker pool sizing.
2020-12-12 12:23:30,381 INFO  [org.jboss.as.ejb3] (MSC service thread 1-8) WFLYEJB0482: Strict pool mdb-strict-max-pool is using a max instance size of 16 (per class), which is derived from the number of CPUs on this host.
2020-12-12 12:23:30,770 INFO  [org.jboss.as.naming] (MSC service thread 1-1) WFLYNAM0003: Starting Naming Service
2020-12-12 12:23:30,790 INFO  [org.jboss.as.mail.extension] (MSC service thread 1-6) WFLYMAIL0001: Bound mail session [java:jboss/mail/Default]
2020-12-12 12:23:31,078 INFO  [org.wildfly.extension.undertow] (MSC service thread 1-1) WFLYUT0012: Started server default-server.
2020-12-12 12:23:31,094 INFO  [org.wildfly.extension.undertow] (MSC service thread 1-5) WFLYUT0018: Host default-host starting
2020-12-12 12:23:31,421 INFO  [org.jboss.as.patching] (MSC service thread 1-3) WFLYPAT0050: WildFly Full cumulative patch ID is: base, one-off patches include: none
2020-12-12 12:23:31,449 WARN  [org.jboss.as.domain.management.security] (MSC service thread 1-8) WFLYDM0111: Keystore c:\enterprise\wildfly-18.0.1.Final\slave-1\configuration\application.keystore not found, it will be auto generated on first use with a self signed certificate for host localhost
2020-12-12 12:23:31,767 INFO  [org.wildfly.extension.undertow] (MSC service thread 1-1) WFLYUT0006: Undertow HTTP listener default listening on 127.0.0.1:8080
2020-12-12 12:23:31,767 INFO  [org.wildfly.extension.undertow] (MSC service thread 1-4) WFLYUT0006: Undertow HTTPS listener https listening on 127.0.0.1:8443
2020-12-12 12:23:31,809 INFO  [org.wildfly.extension.messaging-activemq] (MSC service thread 1-5) WFLYMSGAMQ0001: AIO wasn't located on this platform, it will fall back to using pure Java NIO.
2020-12-12 12:23:31,883 INFO  [org.jboss.as.ejb3] (MSC service thread 1-3) WFLYEJB0493: EJB subsystem suspension complete
2020-12-12 12:23:31,969 INFO  [org.jboss.ws.common.management] (MSC service thread 1-1) JBWS022052: Starting JBossWS 5.3.0.Final (Apache CXF 3.3.3) 
2020-12-12 12:23:32,017 INFO  [org.jboss.as.connector.subsystems.datasources] (MSC service thread 1-3) WFLYJCA0001: Bound data source [java:jboss/datasources/ExampleDS]
2020-12-12 12:23:32,425 INFO  [org.apache.activemq.artemis.core.server] (ServerService Thread Pool -- 76) AMQ221000: live Message Broker is starting with configuration Broker Configuration (clustered=false,journalDirectory=c:\enterprise\wildfly-18.0.1.Final\slave-1\servers\master\data\activemq\journal,bindingsDirectory=c:\enterprise\wildfly-18.0.1.Final\slave-1\servers\master\data\activemq\bindings,largeMessagesDirectory=c:\enterprise\wildfly-18.0.1.Final\slave-1\servers\master\data\activemq\largemessages,pagingDirectory=c:\enterprise\wildfly-18.0.1.Final\slave-1\servers\master\data\activemq\paging)
2020-12-12 12:23:32,468 INFO  [org.apache.activemq.artemis.core.server] (ServerService Thread Pool -- 76) AMQ221013: Using NIO Journal
2020-12-12 12:23:32,560 INFO  [org.apache.activemq.artemis.core.server] (ServerService Thread Pool -- 76) AMQ221043: Protocol module found: [artemis-server]. Adding protocol support for: CORE
2020-12-12 12:23:32,561 INFO  [org.apache.activemq.artemis.core.server] (ServerService Thread Pool -- 76) AMQ221043: Protocol module found: [artemis-amqp-protocol]. Adding protocol support for: AMQP
2020-12-12 12:23:32,561 INFO  [org.apache.activemq.artemis.core.server] (ServerService Thread Pool -- 76) AMQ221043: Protocol module found: [artemis-hornetq-protocol]. Adding protocol support for: HORNETQ
2020-12-12 12:23:32,561 INFO  [org.apache.activemq.artemis.core.server] (ServerService Thread Pool -- 76) AMQ221043: Protocol module found: [artemis-stomp-protocol]. Adding protocol support for: STOMP
2020-12-12 12:23:32,642 INFO  [org.apache.activemq.artemis.core.server] (ServerService Thread Pool -- 76) AMQ221034: Waiting indefinitely to obtain live lock
2020-12-12 12:23:32,643 INFO  [org.apache.activemq.artemis.core.server] (ServerService Thread Pool -- 76) AMQ221035: Live Server Obtained live lock
2020-12-12 12:23:32,983 INFO  [org.wildfly.extension.messaging-activemq] (MSC service thread 1-6) WFLYMSGAMQ0016: Registered HTTP upgrade for activemq-remoting protocol handled by http-acceptor-throughput acceptor
2020-12-12 12:23:32,985 INFO  [org.wildfly.extension.messaging-activemq] (MSC service thread 1-7) WFLYMSGAMQ0016: Registered HTTP upgrade for activemq-remoting protocol handled by http-acceptor acceptor
2020-12-12 12:23:32,984 INFO  [org.wildfly.extension.messaging-activemq] (MSC service thread 1-1) WFLYMSGAMQ0016: Registered HTTP upgrade for activemq-remoting protocol handled by http-acceptor-throughput acceptor
2020-12-12 12:23:32,983 INFO  [org.wildfly.extension.messaging-activemq] (MSC service thread 1-2) WFLYMSGAMQ0016: Registered HTTP upgrade for activemq-remoting protocol handled by http-acceptor acceptor
2020-12-12 12:23:33,136 INFO  [org.apache.activemq.artemis.core.server] (ServerService Thread Pool -- 76) AMQ221007: Server is now live
2020-12-12 12:23:33,136 INFO  [org.apache.activemq.artemis.core.server] (ServerService Thread Pool -- 76) AMQ221001: Apache ActiveMQ Artemis Message Broker version 2.10.1 [default, nodeID=c21aaf3b-3c9e-11eb-ab68-0a0027000013] 
2020-12-12 12:23:33,153 INFO  [org.wildfly.extension.messaging-activemq] (ServerService Thread Pool -- 76) WFLYMSGAMQ0002: Bound messaging object to jndi name java:jboss/exported/jms/RemoteConnectionFactory
2020-12-12 12:23:33,237 INFO  [org.jboss.as.connector.deployment] (MSC service thread 1-1) WFLYJCA0007: Registered connection factory java:/JmsXA
2020-12-12 12:23:33,271 INFO  [org.wildfly.extension.messaging-activemq] (ServerService Thread Pool -- 79) WFLYMSGAMQ0002: Bound messaging object to jndi name java:/ConnectionFactory
2020-12-12 12:23:33,328 INFO  [org.apache.activemq.artemis.ra] (MSC service thread 1-1) AMQ151007: Resource adaptor started
2020-12-12 12:23:33,329 INFO  [org.jboss.as.connector.services.resourceadapters.ResourceAdapterActivatorService$ResourceAdapterActivator] (MSC service thread 1-1) IJ020002: Deployed: file://RaActivatoractivemq-ra
2020-12-12 12:23:33,332 INFO  [org.jboss.as.connector.deployment] (MSC service thread 1-5) WFLYJCA0002: Bound JCA ConnectionFactory [java:/JmsXA]
2020-12-12 12:23:33,332 INFO  [org.jboss.as.connector.deployment] (MSC service thread 1-1) WFLYJCA0118: Binding connection factory named java:/JmsXA to alias java:jboss/DefaultJMSConnectionFactory
2020-12-12 12:23:33,335 ERROR [org.jboss.as.controller.management-operation] (Controller Boot Thread) WFLYCTL0013: Operation ("add") failed - address: ([("subsystem" => "iiop-openjdk")]) - failure description: {
    "WFLYCTL0412: Required services that are not installed:" => ["jboss.binding.iiop"],
    "WFLYCTL0180: Services with missing/unavailable dependencies" => ["jboss.iiop-openjdk.orb-service is missing [jboss.binding.iiop]"]
}
2020-12-12 12:23:33,389 INFO  [org.jboss.as.controller] (Controller Boot Thread) WFLYCTL0183: Service status report
WFLYCTL0184:    New missing/unsatisfied dependencies:
      service jboss.binding.iiop (missing) dependents: [service jboss.iiop-openjdk.orb-service] 
WFLYCTL0448: 3 additional services are down due to their dependencies being missing or failed
2020-12-12 12:23:33,453 INFO  [org.jboss.as.server] (Controller Boot Thread) WFLYSRV0212: Resuming server
2020-12-12 12:23:33,459 ERROR [org.jboss.as] (Controller Boot Thread) WFLYSRV0026: WildFly Full 18.0.1.Final (WildFly Core 10.0.3.Final) started (with errors) in 9878ms - Started 324 of 596 services (5 services failed or missing dependencies, 379 services are lazy, passive or on-demand)
2020-12-12 13:35:34,883 INFO  [org.jboss.as.server] (main) WFLYSRV0240: ProcessController has signalled to shut down; shutting down
2020-12-12 13:35:34,887 INFO  [org.jboss.as.server] (Thread-2) WFLYSRV0272: Suspending server
2020-12-12 13:35:34,890 INFO  [org.jboss.as.ejb3] (Thread-2) WFLYEJB0493: EJB subsystem suspension complete
2020-12-12 13:35:34,923 INFO  [org.jboss.as.connector.subsystems.datasources] (MSC service thread 1-8) WFLYJCA0010: Unbound data source [java:jboss/datasources/ExampleDS]
2020-12-12 13:35:34,924 INFO  [org.jboss.as.connector.deployment] (MSC service thread 1-8) WFLYJCA0119: Unbinding connection factory named java:/JmsXA to alias java:jboss/DefaultJMSConnectionFactory
2020-12-12 13:35:34,926 INFO  [org.jboss.as.mail.extension] (MSC service thread 1-4) WFLYMAIL0002: Unbound mail session [java:jboss/mail/Default]
2020-12-12 13:35:34,929 INFO  [org.wildfly.extension.messaging-activemq] (ServerService Thread Pool -- 25) WFLYMSGAMQ0006: Unbound messaging object to jndi name java:jboss/exported/jms/RemoteConnectionFactory
2020-12-12 13:35:34,931 INFO  [org.wildfly.extension.undertow] (MSC service thread 1-4) WFLYUT0019: Host default-host stopping
2020-12-12 13:35:34,933 INFO  [org.jboss.as.connector.deployment] (MSC service thread 1-2) WFLYJCA0011: Unbound JCA ConnectionFactory [java:/JmsXA]
2020-12-12 13:35:34,939 INFO  [org.wildfly.extension.undertow] (MSC service thread 1-3) WFLYUT0008: Undertow HTTPS listener https suspending
2020-12-12 13:35:34,944 INFO  [org.wildfly.extension.undertow] (MSC service thread 1-3) WFLYUT0007: Undertow HTTPS listener https stopped, was bound to 127.0.0.1:8443
2020-12-12 13:35:34,944 INFO  [org.jboss.as.connector.deployers.jdbc] (MSC service thread 1-2) WFLYJCA0019: Stopped Driver service with driver-name = h2
2020-12-12 13:35:34,992 INFO  [org.apache.activemq.artemis.ra] (ServerService Thread Pool -- 25) AMQ151003: resource adaptor stopped
2020-12-12 13:35:36,204 INFO  [org.apache.activemq.artemis.core.server] (ServerService Thread Pool -- 25) AMQ221002: Apache ActiveMQ Artemis Message Broker version 2.10.1 [c21aaf3b-3c9e-11eb-ab68-0a0027000013] stopped, uptime 1 hour 12 minutes
2020-12-12 13:35:36,208 INFO  [org.wildfly.extension.undertow] (MSC service thread 1-3) WFLYUT0008: Undertow HTTP listener default suspending
2020-12-12 13:35:36,213 INFO  [org.wildfly.extension.undertow] (MSC service thread 1-3) WFLYUT0007: Undertow HTTP listener default stopped, was bound to 127.0.0.1:8080
2020-12-12 13:35:36,217 INFO  [org.wildfly.extension.undertow] (MSC service thread 1-4) WFLYUT0004: Undertow 2.0.27.Final stopping
2020-12-12 13:35:36,285 INFO  [org.jboss.as] (MSC service thread 1-5) WFLYSRV0050: WildFly Full 18.0.1.Final (WildFly Core 10.0.3.Final) stopped in 1390ms
