2020-12-12 13:14:24,884 INFO  [org.jboss.modules] (main) JBoss Modules version 1.9.1.Final
2020-12-12 13:14:25,369 INFO  [org.jboss.msc] (main) JBoss MSC version 1.4.11.Final
2020-12-12 13:14:25,383 INFO  [org.jboss.threads] (main) JBoss Threads version 2.3.3.Final
2020-12-12 13:14:26,067 INFO  [org.jboss.as] (MSC service thread 1-2) WFLYSRV0049: WildFly Full 18.0.1.Final (WildFly Core 10.0.3.Final) starting
2020-12-12 13:14:26,069 DEBUG [org.jboss.as.config] (MSC service thread 1-2) Configured system properties:
	[Server:master] = 
	[pcid:1574150464] = 
	awt.toolkit = sun.awt.windows.WToolkit
	file.encoding = Cp1252
	file.encoding.pkg = sun.io
	file.separator = \
	java.awt.graphicsenv = sun.awt.Win32GraphicsEnvironment
	java.awt.printerjob = sun.awt.windows.WPrinterJob
	java.class.path = c:\enterprise\wildfly-18.0.1.Final\jboss-modules.jar
	java.class.version = 52.0
	java.endorsed.dirs = C:\enterprise\jdk1.8.0_191\jre\lib\endorsed
	java.ext.dirs = C:\enterprise\jdk1.8.0_191\jre\lib\ext;C:\WINDOWS\Sun\Java\lib\ext
	java.home = C:\enterprise\jdk1.8.0_191\jre
	java.io.tmpdir = C:\Users\afort\AppData\Local\Temp\
	java.library.path = C:\enterprise\jdk1.8.0_191\bin;C:\WINDOWS\Sun\Java\bin;C:\WINDOWS\system32;C:\WINDOWS;C:\Program Files\Microsoft MPI\Bin\;C:\Program Files (x86)\Python36-32\Scripts\;C:\Program Files (x86)\Python36-32\;C:\WINDOWS\system32;C:\WINDOWS;C:\WINDOWS\System32\Wbem;C:\WINDOWS\System32\WindowsPowerShell\v1.0\;C:\Program Files (x86)\Common Files\Acronis\SnapAPI\;C:\WINDOWS\System32\OpenSSH\;C:\Program Files\PuTTY\;C:\Program Files\Intel\WiFi\bin\;C:\Program Files\Common Files\Intel\WirelessCommon\;C:\Program Files (x86)\Intel\Intel(R) Management Engine Components\DAL;C:\Program Files\Intel\Intel(R) Management Engine Components\DAL;C:\Windows\System32;C:\enterprise\Python27;C:\Users\afort\AppData\Local\Microsoft\WindowsApps;C:\Users\afort\AppData\Local\Programs\Microsoft VS Code\bin;C:\Users\afort\AppData\Local\Programs\Git\cmd;C:\Users\afort\AppData\Local\Programs\Git\mingw64\bin;C:\Users\afort\AppData\Local\Programs\Git\usr\bin;C:\Users\afort\AppData\Local\Programs\Microsoft VS Code Insiders\bin;C:\Users\afort\AppData\Local\Microsoft\WindowsApps;C:\Users\afort\AppData\Local\Programs\Python\Python38\Scripts;C:\Users\afort\AppData\Local\Programs\Python\Python38\;C:\enterprise\jdk1.8.0_191\jre\bin;C:\enterprise\jdk1.8.0_191\bin;c:\enterprise\apache-ant-1.10.1\bin;c:\enterprise\apache-maven-3.5.0\bin;C:\enterprise\eclipse;C:\enterprise\pandoc-2.2.3.2;C:\enterprise\Graphviz2.38\bin\;c:\enterprise\wildfly-18.0.1.Final\bin;C:\enterprise\php;C:\Windows\System32;C:\enterprise\apache-karaf-4.3.0\bin;C:\enterprise\apache-cassandra-3.11.9\bin;C:\enterprise\hadoop-2.7.1\bin;C:\enterprise\hadoop-2.7.1\sbin;C:\enterprise\spark-2.4.7-bin-hadoop2.7\bin;C:\enterprise\scala\bin;;.
	java.net.preferIPv4Stack = true
	java.runtime.name = Java(TM) SE Runtime Environment
	java.runtime.version = 1.8.0_191-b12
	java.specification.name = Java Platform API Specification
	java.specification.vendor = Oracle Corporation
	java.specification.version = 1.8
	java.util.logging.manager = org.jboss.logmanager.LogManager
	java.vendor = Oracle Corporation
	java.vendor.url = http://java.oracle.com/
	java.vendor.url.bug = http://bugreport.sun.com/bugreport/
	java.version = 1.8.0_191
	java.vm.info = mixed mode
	java.vm.name = Java HotSpot(TM) 64-Bit Server VM
	java.vm.specification.name = Java Virtual Machine Specification
	java.vm.specification.vendor = Oracle Corporation
	java.vm.specification.version = 1.8
	java.vm.vendor = Oracle Corporation
	java.vm.version = 25.191-b12
	javax.management.builder.initial = org.jboss.as.jmx.PluggableMBeanServerBuilder
	jboss.domain.base.dir = c:\enterprise\wildfly-18.0.1.Final\slave-2
	jboss.domain.config.dir = c:\enterprise\wildfly-18.0.1.Final\slave-2\configuration
	jboss.domain.master.address = 127.0.0.1
	jboss.home.dir = c:\enterprise\wildfly-18.0.1.Final
	jboss.host.name = laptop-np5ogj1q
	jboss.modules.dir = c:\enterprise\wildfly-18.0.1.Final\modules
	jboss.modules.system.pkgs = org.jboss.byteman
	jboss.node.name = slave-2:master
	jboss.qualified.host.name = laptop-np5ogj1q
	jboss.server.base.dir = c:\enterprise\wildfly-18.0.1.Final\slave-2\servers\master
	jboss.server.config.dir = c:\enterprise\wildfly-18.0.1.Final\slave-2\servers\master\configuration
	jboss.server.data.dir = c:\enterprise\wildfly-18.0.1.Final\slave-2\servers\master\data
	jboss.server.deploy.dir = c:\enterprise\wildfly-18.0.1.Final\slave-2\servers\master\data\content
	jboss.server.log.dir = c:\enterprise\wildfly-18.0.1.Final\slave-2\servers\master\log
	jboss.server.name = master
	jboss.server.persist.config = true
	jboss.server.temp.dir = c:\enterprise\wildfly-18.0.1.Final\slave-2\servers\master\tmp
	line.separator = 

	logging.configuration = file:/c:/enterprise/wildfly-18.0.1.Final/slave-2/configuration/default-server-logging.properties
	module.path = c:\enterprise\wildfly-18.0.1.Final\modules
	org.jboss.boot.log.file = c:\enterprise\wildfly-18.0.1.Final\slave-2\servers\master\log\server.log
	org.jboss.resolver.warning = true
	os.arch = amd64
	os.name = Windows 10
	os.version = 10.0
	path.separator = ;
	sun.arch.data.model = 64
	sun.boot.class.path = C:\enterprise\jdk1.8.0_191\jre\lib\resources.jar;C:\enterprise\jdk1.8.0_191\jre\lib\rt.jar;C:\enterprise\jdk1.8.0_191\jre\lib\sunrsasign.jar;C:\enterprise\jdk1.8.0_191\jre\lib\jsse.jar;C:\enterprise\jdk1.8.0_191\jre\lib\jce.jar;C:\enterprise\jdk1.8.0_191\jre\lib\charsets.jar;C:\enterprise\jdk1.8.0_191\jre\lib\jfr.jar;C:\enterprise\jdk1.8.0_191\jre\classes
	sun.boot.library.path = C:\enterprise\jdk1.8.0_191\jre\bin
	sun.cpu.endian = little
	sun.cpu.isalist = amd64
	sun.desktop = windows
	sun.io.unicode.encoding = UnicodeLittle
	sun.java.command = c:\enterprise\wildfly-18.0.1.Final\jboss-modules.jar -mp c:\enterprise\wildfly-18.0.1.Final\modules org.jboss.as.server
	sun.java.launcher = SUN_STANDARD
	sun.jnu.encoding = Cp1252
	sun.management.compiler = HotSpot 64-Bit Tiered Compilers
	sun.os.patch.level = 
	user.country = US
	user.dir = c:\enterprise\wildfly-18.0.1.Final
	user.home = C:\Users\afort
	user.language = en
	user.name = afort
	user.script = 
	user.timezone = America/New_York
	user.variant = 
2020-12-12 13:14:26,071 DEBUG [org.jboss.as.config] (MSC service thread 1-2) VM Arguments: -D[Server:master] -D[pcid:1574150464] -Xms64m -Xmx256m -XX:MetaspaceSize=96m -XX:MaxMetaspaceSize=256m -Djava.net.preferIPv4Stack=true -Djboss.domain.base.dir=slave-2 -Djboss.domain.master.address=127.0.0.1 -Djboss.home.dir=c:\enterprise\wildfly-18.0.1.Final -Djboss.modules.system.pkgs=org.jboss.byteman -Djboss.server.log.dir=c:\enterprise\wildfly-18.0.1.Final\slave-2\servers\master\log -Djboss.server.temp.dir=c:\enterprise\wildfly-18.0.1.Final\slave-2\servers\master\tmp -Djboss.server.data.dir=c:\enterprise\wildfly-18.0.1.Final\slave-2\servers\master\data -Dorg.jboss.boot.log.file=c:\enterprise\wildfly-18.0.1.Final\slave-2\servers\master\log\server.log -Dlogging.configuration=file:/c:/enterprise/wildfly-18.0.1.Final/slave-2/configuration/default-server-logging.properties 
2020-12-12 13:14:26,244 INFO  [org.xnio] (MSC service thread 1-6) XNIO version 3.7.3.Final
2020-12-12 13:14:26,255 INFO  [org.xnio.nio] (MSC service thread 1-6) XNIO NIO Implementation Version 3.7.3.Final
2020-12-12 13:14:26,316 INFO  [org.jboss.remoting] (MSC service thread 1-5) JBoss Remoting version 5.0.15.Final
2020-12-12 13:14:27,195 INFO  [org.wildfly.security] (ServerService Thread Pool -- 2) ELY00001: WildFly Elytron version 1.10.4.Final
2020-12-12 13:14:30,842 INFO  [org.jboss.as.controller.management-deprecated] (ServerService Thread Pool -- 18) WFLYCTL0028: Attribute 'security-realm' in the resource at address '/subsystem=undertow/server=default-server/https-listener=https' is deprecated, and may be removed in a future version. See the attribute description in the output of the read-resource-description operation to learn more about the deprecation.
2020-12-12 13:14:31,140 INFO  [org.jboss.as.naming] (ServerService Thread Pool -- 64) WFLYNAM0001: Activating Naming Subsystem
2020-12-12 13:14:31,150 INFO  [org.jboss.as.security] (ServerService Thread Pool -- 70) WFLYSEC0002: Activating Security Subsystem
2020-12-12 13:14:31,188 INFO  [org.jboss.as.clustering.infinispan] (ServerService Thread Pool -- 51) WFLYCLINF0001: Activating Infinispan subsystem.
2020-12-12 13:14:31,129 INFO  [org.jboss.as.jaxrs] (ServerService Thread Pool -- 53) WFLYRS0016: RESTEasy version 3.9.1.Final
2020-12-12 13:14:31,165 WARN  [org.jboss.as.txn] (ServerService Thread Pool -- 72) WFLYTX0013: The node-identifier attribute on the /subsystem=transactions is set to the default value. This is a danger for environments running multiple servers. Please make sure the attribute value is unique.
2020-12-12 13:14:31,204 INFO  [org.jboss.as.security] (MSC service thread 1-7) WFLYSEC0001: Current PicketBox version=5.0.3.Final
2020-12-12 13:14:31,221 INFO  [org.jboss.as.naming] (MSC service thread 1-3) WFLYNAM0003: Starting Naming Service
2020-12-12 13:14:31,233 INFO  [org.wildfly.extension.microprofile.opentracing] (ServerService Thread Pool -- 63) WFLYTRACEXT0001: Activating MicroProfile OpenTracing Subsystem
2020-12-12 13:14:31,242 INFO  [org.wildfly.extension.undertow] (ServerService Thread Pool -- 73) WFLYUT0014: Creating file handler for path 'c:\enterprise\wildfly-18.0.1.Final/welcome-content' with options [directory-listing: 'false', follow-symlink: 'false', case-sensitive: 'true', safe-symlink-paths: '[]']
2020-12-12 13:14:31,264 INFO  [org.wildfly.extension.microprofile.config.smallrye._private] (ServerService Thread Pool -- 62) WFLYCONF0001: Activating WildFly MicroProfile Config Subsystem
2020-12-12 13:14:31,274 INFO  [org.jboss.as.webservices] (ServerService Thread Pool -- 74) WFLYWS0002: Activating WebServices Extension
2020-12-12 13:14:31,314 INFO  [org.jboss.as.jsf] (ServerService Thread Pool -- 58) WFLYJSF0007: Activated the following JSF Implementations: [main]
2020-12-12 13:14:31,339 INFO  [org.wildfly.iiop.openjdk] (ServerService Thread Pool -- 50) WFLYIIOP0001: Activating IIOP Subsystem
2020-12-12 13:14:31,356 INFO  [org.wildfly.extension.undertow] (MSC service thread 1-5) WFLYUT0003: Undertow 2.0.27.Final starting
2020-12-12 13:14:31,376 INFO  [org.jboss.as.connector] (MSC service thread 1-2) WFLYJCA0009: Starting JCA Subsystem (WildFly/IronJacamar 1.4.17.Final)
2020-12-12 13:14:31,423 INFO  [org.wildfly.extension.io] (ServerService Thread Pool -- 52) WFLYIO001: Worker 'default' has auto-configured to 8 core threads with 64 task threads based on your 4 available processors
2020-12-12 13:14:31,526 INFO  [org.jboss.as.connector.subsystems.datasources] (ServerService Thread Pool -- 43) WFLYJCA0004: Deploying JDBC-compliant driver class org.h2.Driver (version 1.4)
2020-12-12 13:14:31,529 INFO  [org.jboss.as.mail.extension] (MSC service thread 1-3) WFLYMAIL0001: Bound mail session [java:jboss/mail/Default]
2020-12-12 13:14:31,530 INFO  [org.jboss.as.connector.deployers.jdbc] (MSC service thread 1-7) WFLYJCA0018: Started Driver service with driver-name = h2
2020-12-12 13:14:31,773 INFO  [org.jboss.as.ejb3] (MSC service thread 1-7) WFLYEJB0482: Strict pool mdb-strict-max-pool is using a max instance size of 16 (per class), which is derived from the number of CPUs on this host.
2020-12-12 13:14:31,801 INFO  [org.jboss.as.ejb3] (MSC service thread 1-2) WFLYEJB0481: Strict pool slsb-strict-max-pool is using a max instance size of 64 (per class), which is derived from thread worker pool sizing.
2020-12-12 13:14:32,314 INFO  [org.wildfly.extension.undertow] (MSC service thread 1-3) WFLYUT0012: Started server default-server.
2020-12-12 13:14:32,317 INFO  [org.wildfly.extension.undertow] (MSC service thread 1-1) WFLYUT0018: Host default-host starting
2020-12-12 13:14:32,488 INFO  [org.jboss.as.patching] (MSC service thread 1-5) WFLYPAT0050: WildFly Full cumulative patch ID is: base, one-off patches include: none
2020-12-12 13:14:32,531 WARN  [org.jboss.as.domain.management.security] (MSC service thread 1-4) WFLYDM0111: Keystore c:\enterprise\wildfly-18.0.1.Final\slave-2\configuration\application.keystore not found, it will be auto generated on first use with a self signed certificate for host localhost
2020-12-12 13:14:32,792 ERROR [org.jboss.msc.service.fail] (MSC service thread 1-1) MSC000001: Failed to start service org.wildfly.undertow.listener.default: org.jboss.msc.service.StartException in service org.wildfly.undertow.listener.default: Address already in use: bind /127.0.0.1:8080
	at org.wildfly.extension.undertow.ListenerService.start(ListenerService.java:209)
	at org.jboss.msc.service.ServiceControllerImpl$StartTask.startService(ServiceControllerImpl.java:1739)
	at org.jboss.msc.service.ServiceControllerImpl$StartTask.execute(ServiceControllerImpl.java:1701)
	at org.jboss.msc.service.ServiceControllerImpl$ControllerTask.run(ServiceControllerImpl.java:1559)
	at org.jboss.threads.ContextClassLoaderSavingRunnable.run(ContextClassLoaderSavingRunnable.java:35)
	at org.jboss.threads.EnhancedQueueExecutor.safeRun(EnhancedQueueExecutor.java:1982)
	at org.jboss.threads.EnhancedQueueExecutor$ThreadBody.doRunTask(EnhancedQueueExecutor.java:1486)
	at org.jboss.threads.EnhancedQueueExecutor$ThreadBody.run(EnhancedQueueExecutor.java:1377)
	at java.lang.Thread.run(Thread.java:748)

2020-12-12 13:14:32,823 ERROR [org.jboss.msc.service.fail] (MSC service thread 1-5) MSC000001: Failed to start service org.wildfly.undertow.listener.https: org.jboss.msc.service.StartException in service org.wildfly.undertow.listener.https: Address already in use: bind /127.0.0.1:8443
	at org.wildfly.extension.undertow.ListenerService.start(ListenerService.java:209)
	at org.jboss.msc.service.ServiceControllerImpl$StartTask.startService(ServiceControllerImpl.java:1739)
	at org.jboss.msc.service.ServiceControllerImpl$StartTask.execute(ServiceControllerImpl.java:1701)
	at org.jboss.msc.service.ServiceControllerImpl$ControllerTask.run(ServiceControllerImpl.java:1559)
	at org.jboss.threads.ContextClassLoaderSavingRunnable.run(ContextClassLoaderSavingRunnable.java:35)
	at org.jboss.threads.EnhancedQueueExecutor.safeRun(EnhancedQueueExecutor.java:1982)
	at org.jboss.threads.EnhancedQueueExecutor$ThreadBody.doRunTask(EnhancedQueueExecutor.java:1486)
	at org.jboss.threads.EnhancedQueueExecutor$ThreadBody.run(EnhancedQueueExecutor.java:1377)
	at java.lang.Thread.run(Thread.java:748)

2020-12-12 13:14:32,884 INFO  [org.jboss.as.ejb3] (MSC service thread 1-8) WFLYEJB0493: EJB subsystem suspension complete
2020-12-12 13:14:32,986 INFO  [org.jboss.as.connector.subsystems.datasources] (MSC service thread 1-1) WFLYJCA0001: Bound data source [java:jboss/datasources/ExampleDS]
2020-12-12 13:14:32,997 ERROR [org.jboss.as.controller.management-operation] (Controller Boot Thread) WFLYCTL0013: Operation ("add") failed - address: ([
    ("subsystem" => "undertow"),
    ("server" => "default-server"),
    ("http-listener" => "default")
]) - failure description: {"WFLYCTL0080: Failed services" => {"org.wildfly.undertow.listener.default" => "Address already in use: bind /127.0.0.1:8080"}}
2020-12-12 13:14:32,999 ERROR [org.jboss.as.controller.management-operation] (Controller Boot Thread) WFLYCTL0013: Operation ("add") failed - address: ([
    ("subsystem" => "undertow"),
    ("server" => "default-server"),
    ("https-listener" => "https")
]) - failure description: {"WFLYCTL0080: Failed services" => {"org.wildfly.undertow.listener.https" => "Address already in use: bind /127.0.0.1:8443"}}
2020-12-12 13:14:33,003 ERROR [org.jboss.as.controller.management-operation] (Controller Boot Thread) WFLYCTL0013: Operation ("add") failed - address: ([("subsystem" => "iiop-openjdk")]) - failure description: {
    "WFLYCTL0412: Required services that are not installed:" => ["jboss.binding.iiop"],
    "WFLYCTL0180: Services with missing/unavailable dependencies" => ["jboss.iiop-openjdk.orb-service is missing [jboss.binding.iiop]"]
}
2020-12-12 13:14:33,005 ERROR [org.jboss.as.controller.management-operation] (Controller Boot Thread) WFLYCTL0013: Operation ("add") failed - address: ([
    ("subsystem" => "messaging-activemq"),
    ("server" => "default")
]) - failure description: {
    "WFLYCTL0412: Required services that are not installed:" => ["jboss.http-upgrade-registry.default"],
    "WFLYCTL0180: Services with missing/unavailable dependencies" => ["jboss.messaging-activemq.default is missing [jboss.http-upgrade-registry.default]"]
}
2020-12-12 13:14:33,085 INFO  [org.jboss.as.controller] (Controller Boot Thread) WFLYCTL0183: Service status report
WFLYCTL0184:    New missing/unsatisfied dependencies:
      service jboss.binding.iiop (missing) dependents: [service jboss.iiop-openjdk.orb-service] 
      service jboss.http-upgrade-registry.default (missing) dependents: [service jboss.messaging-activemq.default] 
WFLYCTL0186:   Services which failed to start:      service org.wildfly.undertow.listener.default: Address already in use: bind /127.0.0.1:8080
      service org.wildfly.undertow.listener.https: Address already in use: bind /127.0.0.1:8443
WFLYCTL0448: 5 additional services are down due to their dependencies being missing or failed
2020-12-12 13:14:33,142 INFO  [org.jboss.as.server] (Controller Boot Thread) WFLYSRV0212: Resuming server
2020-12-12 13:14:33,152 ERROR [org.jboss.as] (Controller Boot Thread) WFLYSRV0026: WildFly Full 18.0.1.Final (WildFly Core 10.0.3.Final) started (with errors) in 9307ms - Started 295 of 586 services (10 services failed or missing dependencies, 378 services are lazy, passive or on-demand)
2020-12-12 13:35:48,305 INFO  [org.jboss.as.server] (main) WFLYSRV0240: ProcessController has signalled to shut down; shutting down
2020-12-12 13:35:48,313 INFO  [org.jboss.as.server] (Thread-2) WFLYSRV0272: Suspending server
2020-12-12 13:35:48,319 INFO  [org.jboss.as.ejb3] (Thread-2) WFLYEJB0493: EJB subsystem suspension complete
2020-12-12 13:35:48,370 INFO  [org.jboss.as.connector.subsystems.datasources] (MSC service thread 1-7) WFLYJCA0010: Unbound data source [java:jboss/datasources/ExampleDS]
2020-12-12 13:35:48,371 INFO  [org.jboss.as.mail.extension] (MSC service thread 1-7) WFLYMAIL0002: Unbound mail session [java:jboss/mail/Default]
2020-12-12 13:35:48,383 INFO  [org.wildfly.extension.undertow] (MSC service thread 1-6) WFLYUT0019: Host default-host stopping
2020-12-12 13:35:48,387 INFO  [org.jboss.as.connector.deployers.jdbc] (MSC service thread 1-7) WFLYJCA0019: Stopped Driver service with driver-name = h2
2020-12-12 13:35:48,389 INFO  [org.wildfly.extension.undertow] (MSC service thread 1-3) WFLYUT0004: Undertow 2.0.27.Final stopping
2020-12-12 13:35:48,431 INFO  [org.jboss.as] (MSC service thread 1-5) WFLYSRV0050: WildFly Full 18.0.1.Final (WildFly Core 10.0.3.Final) stopped in 95ms
