2020-12-12 11:00:10,536 INFO  [org.jboss.modules] (main) JBoss Modules version 1.9.1.Final
2020-12-12 11:00:13,062 INFO  [org.jboss.msc] (main) JBoss MSC version 1.4.11.Final
2020-12-12 11:00:13,088 INFO  [org.jboss.threads] (main) JBoss Threads version 2.3.3.Final
2020-12-12 11:00:14,404 INFO  [org.jboss.as] (MSC service thread 1-1) WFLYSRV0049: WildFly Full 18.0.1.Final (WildFly Core 10.0.3.Final) starting
2020-12-12 11:00:14,410 DEBUG [org.jboss.as.config] (MSC service thread 1-1) Configured system properties:
	[Server:server-two] = 
	[pcid:1598180442] = 
	awt.toolkit = sun.awt.windows.WToolkit
	file.encoding = Cp1252
	file.encoding.pkg = sun.io
	file.separator = \
	java.awt.graphicsenv = sun.awt.Win32GraphicsEnvironment
	java.awt.printerjob = sun.awt.windows.WPrinterJob
	java.class.path = c:\enterprise\wildfly-18.0.1.Final\jboss-modules.jar
	java.class.version = 52.0
	java.endorsed.dirs = C:\enterprise\jdk1.8.0_191\jre\lib\endorsed
	java.ext.dirs = C:\enterprise\jdk1.8.0_191\jre\lib\ext;C:\WINDOWS\Sun\Java\lib\ext
	java.home = C:\enterprise\jdk1.8.0_191\jre
	java.io.tmpdir = C:\Users\afort\AppData\Local\Temp\
	java.library.path = C:\enterprise\jdk1.8.0_191\bin;C:\WINDOWS\Sun\Java\bin;C:\WINDOWS\system32;C:\WINDOWS;C:\Program Files\Microsoft MPI\Bin\;C:\Program Files (x86)\Python36-32\Scripts\;C:\Program Files (x86)\Python36-32\;C:\WINDOWS\system32;C:\WINDOWS;C:\WINDOWS\System32\Wbem;C:\WINDOWS\System32\WindowsPowerShell\v1.0\;C:\Program Files (x86)\Common Files\Acronis\SnapAPI\;C:\WINDOWS\System32\OpenSSH\;C:\Program Files\PuTTY\;C:\Program Files\Intel\WiFi\bin\;C:\Program Files\Common Files\Intel\WirelessCommon\;C:\Program Files (x86)\Intel\Intel(R) Management Engine Components\DAL;C:\Program Files\Intel\Intel(R) Management Engine Components\DAL;C:\Windows\System32;C:\enterprise\Python27;C:\Users\afort\AppData\Local\Microsoft\WindowsApps;C:\Users\afort\AppData\Local\Programs\Microsoft VS Code\bin;C:\Users\afort\AppData\Local\Programs\Git\cmd;C:\Users\afort\AppData\Local\Programs\Git\mingw64\bin;C:\Users\afort\AppData\Local\Programs\Git\usr\bin;C:\Users\afort\AppData\Local\Programs\Microsoft VS Code Insiders\bin;C:\Users\afort\AppData\Local\Microsoft\WindowsApps;C:\Users\afort\AppData\Local\Programs\Python\Python38\Scripts;C:\Users\afort\AppData\Local\Programs\Python\Python38\;C:\enterprise\jdk1.8.0_191\jre\bin;C:\enterprise\jdk1.8.0_191\bin;c:\enterprise\apache-ant-1.10.1\bin;c:\enterprise\apache-maven-3.5.0\bin;C:\enterprise\eclipse;C:\enterprise\pandoc-2.2.3.2;C:\enterprise\Graphviz2.38\bin\;c:\enterprise\wildfly-18.0.1.Final\bin;C:\enterprise\php;C:\Windows\System32;C:\enterprise\apache-karaf-4.3.0\bin;C:\enterprise\apache-cassandra-3.11.9\bin;C:\enterprise\hadoop-2.7.1\bin;C:\enterprise\hadoop-2.7.1\sbin;C:\enterprise\spark-2.4.7-bin-hadoop2.7\bin;C:\enterprise\scala\bin;;.
	java.net.preferIPv4Stack = true
	java.runtime.name = Java(TM) SE Runtime Environment
	java.runtime.version = 1.8.0_191-b12
	java.specification.name = Java Platform API Specification
	java.specification.vendor = Oracle Corporation
	java.specification.version = 1.8
	java.util.logging.manager = org.jboss.logmanager.LogManager
	java.vendor = Oracle Corporation
	java.vendor.url = http://java.oracle.com/
	java.vendor.url.bug = http://bugreport.sun.com/bugreport/
	java.version = 1.8.0_191
	java.vm.info = mixed mode
	java.vm.name = Java HotSpot(TM) 64-Bit Server VM
	java.vm.specification.name = Java Virtual Machine Specification
	java.vm.specification.vendor = Oracle Corporation
	java.vm.specification.version = 1.8
	java.vm.vendor = Oracle Corporation
	java.vm.version = 25.191-b12
	javax.management.builder.initial = org.jboss.as.jmx.PluggableMBeanServerBuilder
	jboss.domain.base.dir = c:\enterprise\wildfly-18.0.1.Final\domain
	jboss.domain.config.dir = c:\enterprise\wildfly-18.0.1.Final\domain\configuration
	jboss.home.dir = c:\enterprise\wildfly-18.0.1.Final
	jboss.host.name = laptop-np5ogj1q
	jboss.modules.dir = c:\enterprise\wildfly-18.0.1.Final\modules
	jboss.modules.system.pkgs = org.jboss.byteman
	jboss.node.name = master:server-two
	jboss.qualified.host.name = laptop-np5ogj1q
	jboss.server.base.dir = c:\enterprise\wildfly-18.0.1.Final\domain\servers\server-two
	jboss.server.config.dir = c:\enterprise\wildfly-18.0.1.Final\domain\servers\server-two\configuration
	jboss.server.data.dir = c:\enterprise\wildfly-18.0.1.Final\domain\servers\server-two\data
	jboss.server.deploy.dir = c:\enterprise\wildfly-18.0.1.Final\domain\servers\server-two\data\content
	jboss.server.log.dir = c:\enterprise\wildfly-18.0.1.Final\domain\servers\server-two\log
	jboss.server.name = server-two
	jboss.server.persist.config = true
	jboss.server.temp.dir = c:\enterprise\wildfly-18.0.1.Final\domain\servers\server-two\tmp
	line.separator = 

	logging.configuration = file:/c:/enterprise/wildfly-18.0.1.Final/domain/configuration/default-server-logging.properties
	module.path = c:\enterprise\wildfly-18.0.1.Final\modules
	org.jboss.boot.log.file = c:\enterprise\wildfly-18.0.1.Final\domain\servers\server-two\log\server.log
	org.jboss.resolver.warning = true
	os.arch = amd64
	os.name = Windows 10
	os.version = 10.0
	path.separator = ;
	sun.arch.data.model = 64
	sun.boot.class.path = C:\enterprise\jdk1.8.0_191\jre\lib\resources.jar;C:\enterprise\jdk1.8.0_191\jre\lib\rt.jar;C:\enterprise\jdk1.8.0_191\jre\lib\sunrsasign.jar;C:\enterprise\jdk1.8.0_191\jre\lib\jsse.jar;C:\enterprise\jdk1.8.0_191\jre\lib\jce.jar;C:\enterprise\jdk1.8.0_191\jre\lib\charsets.jar;C:\enterprise\jdk1.8.0_191\jre\lib\jfr.jar;C:\enterprise\jdk1.8.0_191\jre\classes
	sun.boot.library.path = C:\enterprise\jdk1.8.0_191\jre\bin
	sun.cpu.endian = little
	sun.cpu.isalist = amd64
	sun.desktop = windows
	sun.io.unicode.encoding = UnicodeLittle
	sun.java.command = c:\enterprise\wildfly-18.0.1.Final\jboss-modules.jar -mp c:\enterprise\wildfly-18.0.1.Final\modules org.jboss.as.server
	sun.java.launcher = SUN_STANDARD
	sun.jnu.encoding = Cp1252
	sun.management.compiler = HotSpot 64-Bit Tiered Compilers
	sun.os.patch.level = 
	user.country = US
	user.dir = c:\enterprise\wildfly-18.0.1.Final
	user.home = C:\Users\afort
	user.language = en
	user.name = afort
	user.script = 
	user.timezone = America/New_York
	user.variant = 
2020-12-12 11:00:14,413 DEBUG [org.jboss.as.config] (MSC service thread 1-1) VM Arguments: -D[Server:server-two] -D[pcid:1598180442] -Xms64m -Xmx512m -XX:MetaspaceSize=96m -XX:MaxMetaspaceSize=256m -Djava.net.preferIPv4Stack=true -Djboss.home.dir=c:\enterprise\wildfly-18.0.1.Final -Djboss.modules.system.pkgs=org.jboss.byteman -Djboss.server.log.dir=c:\enterprise\wildfly-18.0.1.Final\domain\servers\server-two\log -Djboss.server.temp.dir=c:\enterprise\wildfly-18.0.1.Final\domain\servers\server-two\tmp -Djboss.server.data.dir=c:\enterprise\wildfly-18.0.1.Final\domain\servers\server-two\data -Dorg.jboss.boot.log.file=c:\enterprise\wildfly-18.0.1.Final\domain\servers\server-two\log\server.log -Dlogging.configuration=file:/c:/enterprise/wildfly-18.0.1.Final/domain/configuration/default-server-logging.properties 
2020-12-12 11:00:14,809 INFO  [org.xnio] (MSC service thread 1-6) XNIO version 3.7.3.Final
2020-12-12 11:00:14,822 INFO  [org.xnio.nio] (MSC service thread 1-6) XNIO NIO Implementation Version 3.7.3.Final
2020-12-12 11:00:14,895 INFO  [org.jboss.remoting] (MSC service thread 1-7) JBoss Remoting version 5.0.15.Final
2020-12-12 11:00:15,910 INFO  [org.wildfly.security] (ServerService Thread Pool -- 2) ELY00001: WildFly Elytron version 1.10.4.Final
2020-12-12 11:00:20,307 INFO  [org.jboss.as.controller.management-deprecated] (ServerService Thread Pool -- 32) WFLYCTL0028: Attribute 'security-realm' in the resource at address '/subsystem=undertow/server=default-server/https-listener=https' is deprecated, and may be removed in a future version. See the attribute description in the output of the read-resource-description operation to learn more about the deprecation.
2020-12-12 11:00:20,681 INFO  [org.jboss.as.security] (ServerService Thread Pool -- 45) WFLYSEC0002: Activating Security Subsystem
2020-12-12 11:00:20,713 INFO  [org.jboss.as.naming] (ServerService Thread Pool -- 51) WFLYNAM0001: Activating Naming Subsystem
2020-12-12 11:00:20,728 INFO  [org.wildfly.extension.microprofile.config.smallrye._private] (ServerService Thread Pool -- 53) WFLYCONF0001: Activating WildFly MicroProfile Config Subsystem
2020-12-12 11:00:20,704 WARN  [org.jboss.as.txn] (ServerService Thread Pool -- 43) WFLYTX0013: The node-identifier attribute on the /subsystem=transactions is set to the default value. This is a danger for environments running multiple servers. Please make sure the attribute value is unique.
2020-12-12 11:00:20,755 INFO  [org.jboss.as.webservices] (ServerService Thread Pool -- 41) WFLYWS0002: Activating WebServices Extension
2020-12-12 11:00:20,767 INFO  [org.wildfly.extension.undertow] (ServerService Thread Pool -- 42) WFLYUT0014: Creating file handler for path 'c:\enterprise\wildfly-18.0.1.Final/welcome-content' with options [directory-listing: 'false', follow-symlink: 'false', case-sensitive: 'true', safe-symlink-paths: '[]']
2020-12-12 11:00:20,833 INFO  [org.wildfly.extension.microprofile.opentracing] (ServerService Thread Pool -- 52) WFLYTRACEXT0001: Activating MicroProfile OpenTracing Subsystem
2020-12-12 11:00:20,788 INFO  [org.jboss.as.jaxrs] (ServerService Thread Pool -- 62) WFLYRS0016: RESTEasy version 3.9.1.Final
2020-12-12 11:00:20,839 INFO  [org.wildfly.extension.undertow] (MSC service thread 1-1) WFLYUT0003: Undertow 2.0.27.Final starting
2020-12-12 11:00:20,854 INFO  [org.jboss.as.jsf] (ServerService Thread Pool -- 57) WFLYJSF0007: Activated the following JSF Implementations: [main]
2020-12-12 11:00:20,860 INFO  [org.wildfly.extension.io] (ServerService Thread Pool -- 63) WFLYIO001: Worker 'default' has auto-configured to 8 core threads with 64 task threads based on your 4 available processors
2020-12-12 11:00:20,862 INFO  [org.jboss.as.naming] (MSC service thread 1-3) WFLYNAM0003: Starting Naming Service
2020-12-12 11:00:20,862 INFO  [org.jboss.as.clustering.infinispan] (ServerService Thread Pool -- 64) WFLYCLINF0001: Activating Infinispan subsystem.
2020-12-12 11:00:20,883 INFO  [org.wildfly.iiop.openjdk] (ServerService Thread Pool -- 65) WFLYIIOP0001: Activating IIOP Subsystem
2020-12-12 11:00:20,904 INFO  [org.jboss.as.security] (MSC service thread 1-8) WFLYSEC0001: Current PicketBox version=5.0.3.Final
2020-12-12 11:00:20,915 INFO  [org.jboss.as.mail.extension] (MSC service thread 1-5) WFLYMAIL0001: Bound mail session [java:jboss/mail/Default]
2020-12-12 11:00:20,995 INFO  [org.jboss.as.connector] (MSC service thread 1-6) WFLYJCA0009: Starting JCA Subsystem (WildFly/IronJacamar 1.4.17.Final)
2020-12-12 11:00:21,190 INFO  [org.jboss.as.connector.subsystems.datasources] (ServerService Thread Pool -- 72) WFLYJCA0004: Deploying JDBC-compliant driver class org.h2.Driver (version 1.4)
2020-12-12 11:00:21,193 INFO  [org.jboss.as.connector.deployers.jdbc] (MSC service thread 1-8) WFLYJCA0018: Started Driver service with driver-name = h2
2020-12-12 11:00:21,849 INFO  [org.jboss.as.ejb3] (MSC service thread 1-3) WFLYEJB0482: Strict pool mdb-strict-max-pool is using a max instance size of 16 (per class), which is derived from the number of CPUs on this host.
2020-12-12 11:00:21,862 INFO  [org.jboss.as.ejb3] (MSC service thread 1-6) WFLYEJB0481: Strict pool slsb-strict-max-pool is using a max instance size of 64 (per class), which is derived from thread worker pool sizing.
2020-12-12 11:00:22,108 INFO  [org.wildfly.extension.undertow] (MSC service thread 1-3) WFLYUT0012: Started server default-server.
2020-12-12 11:00:22,160 INFO  [org.wildfly.extension.undertow] (MSC service thread 1-3) WFLYUT0018: Host default-host starting
2020-12-12 11:00:22,779 INFO  [org.jboss.as.patching] (MSC service thread 1-6) WFLYPAT0050: WildFly Full cumulative patch ID is: base, one-off patches include: none
2020-12-12 11:00:22,822 WARN  [org.jboss.as.domain.management.security] (MSC service thread 1-7) WFLYDM0111: Keystore c:\enterprise\wildfly-18.0.1.Final\domain\configuration\application.keystore not found, it will be auto generated on first use with a self signed certificate for host localhost
2020-12-12 11:00:23,559 INFO  [org.wildfly.extension.undertow] (MSC service thread 1-5) WFLYUT0006: Undertow HTTP listener default listening on 127.0.0.1:8230
2020-12-12 11:00:23,645 INFO  [org.wildfly.extension.undertow] (MSC service thread 1-4) WFLYUT0006: Undertow HTTPS listener https listening on 127.0.0.1:8593
2020-12-12 11:00:23,660 INFO  [org.wildfly.extension.messaging-activemq] (MSC service thread 1-3) WFLYMSGAMQ0001: AIO wasn't located on this platform, it will fall back to using pure Java NIO.
2020-12-12 11:00:23,741 INFO  [org.jboss.as.ejb3] (MSC service thread 1-6) WFLYEJB0493: EJB subsystem suspension complete
2020-12-12 11:00:23,908 INFO  [org.jboss.as.connector.subsystems.datasources] (MSC service thread 1-6) WFLYJCA0001: Bound data source [java:jboss/datasources/ExampleDS]
2020-12-12 11:00:23,929 INFO  [org.jboss.ws.common.management] (MSC service thread 1-7) JBWS022052: Starting JBossWS 5.3.0.Final (Apache CXF 3.3.3) 
2020-12-12 11:00:24,440 INFO  [org.wildfly.iiop.openjdk] (MSC service thread 1-8) WFLYIIOP0009: CORBA ORB Service started
2020-12-12 11:00:24,933 INFO  [org.apache.activemq.artemis.core.server] (ServerService Thread Pool -- 76) AMQ221000: live Message Broker is starting with configuration Broker Configuration (clustered=false,journalDirectory=c:\enterprise\wildfly-18.0.1.Final\domain\servers\server-two\data\activemq\journal,bindingsDirectory=c:\enterprise\wildfly-18.0.1.Final\domain\servers\server-two\data\activemq\bindings,largeMessagesDirectory=c:\enterprise\wildfly-18.0.1.Final\domain\servers\server-two\data\activemq\largemessages,pagingDirectory=c:\enterprise\wildfly-18.0.1.Final\domain\servers\server-two\data\activemq\paging)
2020-12-12 11:00:25,025 INFO  [org.apache.activemq.artemis.core.server] (ServerService Thread Pool -- 76) AMQ221013: Using NIO Journal
2020-12-12 11:00:25,243 INFO  [org.apache.activemq.artemis.core.server] (ServerService Thread Pool -- 76) AMQ221043: Protocol module found: [artemis-server]. Adding protocol support for: CORE
2020-12-12 11:00:25,245 INFO  [org.apache.activemq.artemis.core.server] (ServerService Thread Pool -- 76) AMQ221043: Protocol module found: [artemis-amqp-protocol]. Adding protocol support for: AMQP
2020-12-12 11:00:25,245 INFO  [org.apache.activemq.artemis.core.server] (ServerService Thread Pool -- 76) AMQ221043: Protocol module found: [artemis-hornetq-protocol]. Adding protocol support for: HORNETQ
2020-12-12 11:00:25,247 INFO  [org.apache.activemq.artemis.core.server] (ServerService Thread Pool -- 76) AMQ221043: Protocol module found: [artemis-stomp-protocol]. Adding protocol support for: STOMP
2020-12-12 11:00:25,731 INFO  [org.apache.activemq.artemis.core.server] (ServerService Thread Pool -- 76) AMQ221034: Waiting indefinitely to obtain live lock
2020-12-12 11:00:25,731 INFO  [org.apache.activemq.artemis.core.server] (ServerService Thread Pool -- 76) AMQ221035: Live Server Obtained live lock
2020-12-12 11:00:26,171 INFO  [org.wildfly.extension.messaging-activemq] (MSC service thread 1-6) WFLYMSGAMQ0016: Registered HTTP upgrade for activemq-remoting protocol handled by http-acceptor acceptor
2020-12-12 11:00:26,171 INFO  [org.wildfly.extension.messaging-activemq] (MSC service thread 1-8) WFLYMSGAMQ0016: Registered HTTP upgrade for activemq-remoting protocol handled by http-acceptor acceptor
2020-12-12 11:00:26,174 INFO  [org.wildfly.extension.messaging-activemq] (MSC service thread 1-4) WFLYMSGAMQ0016: Registered HTTP upgrade for activemq-remoting protocol handled by http-acceptor-throughput acceptor
2020-12-12 11:00:26,174 INFO  [org.wildfly.extension.messaging-activemq] (MSC service thread 1-3) WFLYMSGAMQ0016: Registered HTTP upgrade for activemq-remoting protocol handled by http-acceptor-throughput acceptor
2020-12-12 11:00:26,428 INFO  [org.apache.activemq.artemis.core.server] (ServerService Thread Pool -- 76) AMQ221007: Server is now live
2020-12-12 11:00:26,429 INFO  [org.apache.activemq.artemis.core.server] (ServerService Thread Pool -- 76) AMQ221001: Apache ActiveMQ Artemis Message Broker version 2.10.1 [default, nodeID=25524612-3c93-11eb-a67c-e4b318dd5ce8] 
2020-12-12 11:00:26,456 INFO  [org.wildfly.extension.messaging-activemq] (ServerService Thread Pool -- 76) WFLYMSGAMQ0002: Bound messaging object to jndi name java:jboss/exported/jms/RemoteConnectionFactory
2020-12-12 11:00:26,597 INFO  [org.jboss.as.connector.deployment] (MSC service thread 1-2) WFLYJCA0007: Registered connection factory java:/JmsXA
2020-12-12 11:00:26,650 INFO  [org.wildfly.extension.messaging-activemq] (ServerService Thread Pool -- 79) WFLYMSGAMQ0002: Bound messaging object to jndi name java:/ConnectionFactory
2020-12-12 11:00:26,796 INFO  [org.apache.activemq.artemis.ra] (MSC service thread 1-2) AMQ151007: Resource adaptor started
2020-12-12 11:00:26,796 INFO  [org.jboss.as.connector.services.resourceadapters.ResourceAdapterActivatorService$ResourceAdapterActivator] (MSC service thread 1-2) IJ020002: Deployed: file://RaActivatoractivemq-ra
2020-12-12 11:00:26,800 INFO  [org.jboss.as.connector.deployment] (MSC service thread 1-7) WFLYJCA0002: Bound JCA ConnectionFactory [java:/JmsXA]
2020-12-12 11:00:26,800 INFO  [org.jboss.as.connector.deployment] (MSC service thread 1-6) WFLYJCA0118: Binding connection factory named java:/JmsXA to alias java:jboss/DefaultJMSConnectionFactory
2020-12-12 11:00:26,986 INFO  [org.jboss.as.server] (Controller Boot Thread) WFLYSRV0212: Resuming server
2020-12-12 11:00:26,998 INFO  [org.jboss.as] (Controller Boot Thread) WFLYSRV0025: WildFly Full 18.0.1.Final (WildFly Core 10.0.3.Final) started in 18192ms - Started 335 of 601 services (380 services are lazy, passive or on-demand)
