2020-12-22 18:41:31,895 INFO  [org.jboss.modules] (main) JBoss Modules version 1.9.1.Final
2020-12-22 18:41:33,299 INFO  [org.jboss.msc] (main) JBoss MSC version 1.4.11.Final
2020-12-22 18:41:33,653 INFO  [org.jboss.threads] (main) JBoss Threads version 2.3.3.Final
2020-12-22 18:41:34,415 INFO  [org.jboss.as] (MSC service thread 1-2) WFLYSRV0049: WildFly Full 18.0.1.Final (WildFly Core 10.0.3.Final) starting
2020-12-22 18:41:34,417 DEBUG [org.jboss.as.config] (MSC service thread 1-2) Configured system properties:
	[Server:server-two] = 
	[pcid:525774949] = 
	awt.toolkit = sun.awt.windows.WToolkit
	file.encoding = Cp1252
	file.encoding.pkg = sun.io
	file.separator = \
	java.awt.graphicsenv = sun.awt.Win32GraphicsEnvironment
	java.awt.printerjob = sun.awt.windows.WPrinterJob
	java.class.path = c:\enterprise\wildfly-18.0.1.Final\jboss-modules.jar
	java.class.version = 52.0
	java.endorsed.dirs = C:\enterprise\jdk1.8.0_191\jre\lib\endorsed
	java.ext.dirs = C:\enterprise\jdk1.8.0_191\jre\lib\ext;C:\WINDOWS\Sun\Java\lib\ext
	java.home = C:\enterprise\jdk1.8.0_191\jre
	java.io.tmpdir = C:\Users\afort\AppData\Local\Temp\
	java.library.path = C:\enterprise\jdk1.8.0_191\bin;C:\WINDOWS\Sun\Java\bin;C:\WINDOWS\system32;C:\WINDOWS;C:\Program Files\Microsoft MPI\Bin\;C:\Program Files (x86)\Python36-32\Scripts\;C:\Program Files (x86)\Python36-32\;C:\WINDOWS\system32;C:\WINDOWS;C:\WINDOWS\System32\Wbem;C:\WINDOWS\System32\WindowsPowerShell\v1.0\;C:\Program Files (x86)\Common Files\Acronis\SnapAPI\;C:\WINDOWS\System32\OpenSSH\;C:\Program Files\PuTTY\;C:\Program Files\Intel\WiFi\bin\;C:\Program Files\Common Files\Intel\WirelessCommon\;C:\Program Files (x86)\Intel\Intel(R) Management Engine Components\DAL;C:\Program Files\Intel\Intel(R) Management Engine Components\DAL;C:\Windows\System32;C:\enterprise\Python27;C:\Users\afort\AppData\Local\Microsoft\WindowsApps;C:\Users\afort\AppData\Local\Programs\Microsoft VS Code\bin;C:\Users\afort\AppData\Local\Programs\Git\cmd;C:\Users\afort\AppData\Local\Programs\Git\mingw64\bin;C:\Users\afort\AppData\Local\Programs\Git\usr\bin;C:\Users\afort\AppData\Local\Programs\Microsoft VS Code Insiders\bin;C:\Users\afort\AppData\Local\Microsoft\WindowsApps;C:\Users\afort\AppData\Local\Programs\Python\Python38\Scripts;C:\Users\afort\AppData\Local\Programs\Python\Python38\;C:\enterprise\jdk1.8.0_191\jre\bin;C:\enterprise\jdk1.8.0_191\bin;c:\enterprise\apache-ant-1.10.1\bin;c:\enterprise\apache-maven-3.5.0\bin;C:\enterprise\eclipse;C:\enterprise\pandoc-2.2.3.2;C:\enterprise\Graphviz2.38\bin\;c:\enterprise\wildfly-18.0.1.Final\bin;C:\enterprise\php;C:\Windows\System32;C:\enterprise\apache-karaf-4.3.0\bin;C:\enterprise\apache-cassandra-3.11.9\bin;C:\enterprise\hadoop-2.7.1\bin;C:\enterprise\hadoop-2.7.1\sbin;C:\enterprise\spark-2.4.7-bin-hadoop2.7\bin;C:\enterprise\scala\bin;;.
	java.net.preferIPv4Stack = true
	java.runtime.name = Java(TM) SE Runtime Environment
	java.runtime.version = 1.8.0_191-b12
	java.specification.name = Java Platform API Specification
	java.specification.vendor = Oracle Corporation
	java.specification.version = 1.8
	java.util.logging.manager = org.jboss.logmanager.LogManager
	java.vendor = Oracle Corporation
	java.vendor.url = http://java.oracle.com/
	java.vendor.url.bug = http://bugreport.sun.com/bugreport/
	java.version = 1.8.0_191
	java.vm.info = mixed mode
	java.vm.name = Java HotSpot(TM) 64-Bit Server VM
	java.vm.specification.name = Java Virtual Machine Specification
	java.vm.specification.vendor = Oracle Corporation
	java.vm.specification.version = 1.8
	java.vm.vendor = Oracle Corporation
	java.vm.version = 25.191-b12
	javax.management.builder.initial = org.jboss.as.jmx.PluggableMBeanServerBuilder
	jboss.domain.base.dir = c:\enterprise\wildfly-18.0.1.Final\domain
	jboss.domain.config.dir = c:\enterprise\wildfly-18.0.1.Final\domain\configuration
	jboss.home.dir = c:\enterprise\wildfly-18.0.1.Final
	jboss.host.name = laptop-np5ogj1q
	jboss.modules.dir = c:\enterprise\wildfly-18.0.1.Final\modules
	jboss.modules.system.pkgs = org.jboss.byteman
	jboss.node.name = master:server-two
	jboss.qualified.host.name = laptop-np5ogj1q
	jboss.server.base.dir = c:\enterprise\wildfly-18.0.1.Final\domain\servers\server-two
	jboss.server.config.dir = c:\enterprise\wildfly-18.0.1.Final\domain\servers\server-two\configuration
	jboss.server.data.dir = c:\enterprise\wildfly-18.0.1.Final\domain\servers\server-two\data
	jboss.server.deploy.dir = c:\enterprise\wildfly-18.0.1.Final\domain\servers\server-two\data\content
	jboss.server.log.dir = c:\enterprise\wildfly-18.0.1.Final\domain\servers\server-two\log
	jboss.server.name = server-two
	jboss.server.persist.config = true
	jboss.server.temp.dir = c:\enterprise\wildfly-18.0.1.Final\domain\servers\server-two\tmp
	line.separator = 

	logging.configuration = file:/c:/enterprise/wildfly-18.0.1.Final/domain/servers/server-two/data/logging.properties
	module.path = c:\enterprise\wildfly-18.0.1.Final\modules
	org.jboss.resolver.warning = true
	os.arch = amd64
	os.name = Windows 10
	os.version = 10.0
	path.separator = ;
	sun.arch.data.model = 64
	sun.boot.class.path = C:\enterprise\jdk1.8.0_191\jre\lib\resources.jar;C:\enterprise\jdk1.8.0_191\jre\lib\rt.jar;C:\enterprise\jdk1.8.0_191\jre\lib\sunrsasign.jar;C:\enterprise\jdk1.8.0_191\jre\lib\jsse.jar;C:\enterprise\jdk1.8.0_191\jre\lib\jce.jar;C:\enterprise\jdk1.8.0_191\jre\lib\charsets.jar;C:\enterprise\jdk1.8.0_191\jre\lib\jfr.jar;C:\enterprise\jdk1.8.0_191\jre\classes
	sun.boot.library.path = C:\enterprise\jdk1.8.0_191\jre\bin
	sun.cpu.endian = little
	sun.cpu.isalist = amd64
	sun.desktop = windows
	sun.io.unicode.encoding = UnicodeLittle
	sun.java.command = c:\enterprise\wildfly-18.0.1.Final\jboss-modules.jar -mp c:\enterprise\wildfly-18.0.1.Final\modules org.jboss.as.server
	sun.java.launcher = SUN_STANDARD
	sun.jnu.encoding = Cp1252
	sun.management.compiler = HotSpot 64-Bit Tiered Compilers
	sun.os.patch.level = 
	user.country = US
	user.dir = c:\enterprise\wildfly-18.0.1.Final
	user.home = C:\Users\afort
	user.language = en
	user.name = afort
	user.script = 
	user.timezone = America/New_York
	user.variant = 
2020-12-22 18:41:34,421 DEBUG [org.jboss.as.config] (MSC service thread 1-2) VM Arguments: -D[Server:server-two] -D[pcid:525774949] -Xms64m -Xmx512m -XX:MetaspaceSize=96m -XX:MaxMetaspaceSize=256m -Djava.net.preferIPv4Stack=true -Djboss.home.dir=c:\enterprise\wildfly-18.0.1.Final -Djboss.modules.system.pkgs=org.jboss.byteman -Djboss.server.log.dir=c:\enterprise\wildfly-18.0.1.Final\domain\servers\server-two\log -Djboss.server.temp.dir=c:\enterprise\wildfly-18.0.1.Final\domain\servers\server-two\tmp -Djboss.server.data.dir=c:\enterprise\wildfly-18.0.1.Final\domain\servers\server-two\data -Dlogging.configuration=file:/c:/enterprise/wildfly-18.0.1.Final/domain/servers/server-two/data/logging.properties 
2020-12-22 18:41:34,665 INFO  [org.xnio] (MSC service thread 1-1) XNIO version 3.7.3.Final
2020-12-22 18:41:34,677 INFO  [org.xnio.nio] (MSC service thread 1-1) XNIO NIO Implementation Version 3.7.3.Final
2020-12-22 18:41:35,738 INFO  [org.jboss.remoting] (MSC service thread 1-7) JBoss Remoting version 5.0.15.Final
2020-12-22 18:41:36,911 INFO  [org.wildfly.security] (ServerService Thread Pool -- 2) ELY00001: WildFly Elytron version 1.10.4.Final
2020-12-22 18:41:41,241 INFO  [org.jboss.as.controller.management-deprecated] (ServerService Thread Pool -- 34) WFLYCTL0028: Attribute 'security-realm' in the resource at address '/subsystem=undertow/server=default-server/https-listener=https' is deprecated, and may be removed in a future version. See the attribute description in the output of the read-resource-description operation to learn more about the deprecation.
2020-12-22 18:41:41,439 WARN  [org.jboss.as.txn] (ServerService Thread Pool -- 43) WFLYTX0013: The node-identifier attribute on the /subsystem=transactions is set to the default value. This is a danger for environments running multiple servers. Please make sure the attribute value is unique.
2020-12-22 18:41:41,457 INFO  [org.jboss.as.security] (ServerService Thread Pool -- 45) WFLYSEC0002: Activating Security Subsystem
2020-12-22 18:41:41,493 INFO  [org.wildfly.extension.microprofile.opentracing] (ServerService Thread Pool -- 52) WFLYTRACEXT0001: Activating MicroProfile OpenTracing Subsystem
2020-12-22 18:41:41,496 INFO  [org.wildfly.extension.microprofile.config.smallrye._private] (ServerService Thread Pool -- 53) WFLYCONF0001: Activating WildFly MicroProfile Config Subsystem
2020-12-22 18:41:41,500 INFO  [org.jboss.as.security] (MSC service thread 1-8) WFLYSEC0001: Current PicketBox version=5.0.3.Final
2020-12-22 18:41:41,507 INFO  [org.jboss.as.jaxrs] (ServerService Thread Pool -- 62) WFLYRS0016: RESTEasy version 3.9.1.Final
2020-12-22 18:41:41,521 INFO  [org.jboss.as.webservices] (ServerService Thread Pool -- 41) WFLYWS0002: Activating WebServices Extension
2020-12-22 18:41:41,531 INFO  [org.jboss.as.clustering.infinispan] (ServerService Thread Pool -- 64) WFLYCLINF0001: Activating Infinispan subsystem.
2020-12-22 18:41:41,531 INFO  [org.jboss.as.jsf] (ServerService Thread Pool -- 57) WFLYJSF0007: Activated the following JSF Implementations: [main]
2020-12-22 18:41:41,538 INFO  [org.jboss.as.naming] (ServerService Thread Pool -- 51) WFLYNAM0001: Activating Naming Subsystem
2020-12-22 18:41:41,586 INFO  [org.wildfly.extension.undertow] (ServerService Thread Pool -- 42) WFLYUT0014: Creating file handler for path 'c:\enterprise\wildfly-18.0.1.Final/welcome-content' with options [directory-listing: 'false', follow-symlink: 'false', case-sensitive: 'true', safe-symlink-paths: '[]']
2020-12-22 18:41:41,588 INFO  [org.wildfly.extension.undertow] (MSC service thread 1-1) WFLYUT0003: Undertow 2.0.27.Final starting
2020-12-22 18:41:41,616 INFO  [org.wildfly.iiop.openjdk] (ServerService Thread Pool -- 65) WFLYIIOP0001: Activating IIOP Subsystem
2020-12-22 18:41:41,626 INFO  [org.wildfly.extension.io] (ServerService Thread Pool -- 63) WFLYIO001: Worker 'default' has auto-configured to 8 core threads with 64 task threads based on your 4 available processors
2020-12-22 18:41:41,669 INFO  [org.jboss.as.connector] (MSC service thread 1-1) WFLYJCA0009: Starting JCA Subsystem (WildFly/IronJacamar 1.4.17.Final)
2020-12-22 18:41:41,715 INFO  [org.jboss.as.connector.subsystems.datasources] (ServerService Thread Pool -- 72) WFLYJCA0004: Deploying JDBC-compliant driver class org.h2.Driver (version 1.4)
2020-12-22 18:41:41,734 INFO  [org.jboss.as.mail.extension] (MSC service thread 1-8) WFLYMAIL0001: Bound mail session [java:jboss/mail/Default]
2020-12-22 18:41:41,748 INFO  [org.jboss.as.naming] (MSC service thread 1-5) WFLYNAM0003: Starting Naming Service
2020-12-22 18:41:41,778 INFO  [org.jboss.as.connector.deployers.jdbc] (MSC service thread 1-7) WFLYJCA0018: Started Driver service with driver-name = h2
2020-12-22 18:41:42,111 INFO  [org.jboss.as.ejb3] (MSC service thread 1-2) WFLYEJB0482: Strict pool mdb-strict-max-pool is using a max instance size of 16 (per class), which is derived from the number of CPUs on this host.
2020-12-22 18:41:42,112 INFO  [org.jboss.as.ejb3] (MSC service thread 1-8) WFLYEJB0481: Strict pool slsb-strict-max-pool is using a max instance size of 64 (per class), which is derived from thread worker pool sizing.
2020-12-22 18:41:42,217 INFO  [org.wildfly.extension.undertow] (MSC service thread 1-8) WFLYUT0012: Started server default-server.
2020-12-22 18:41:42,248 INFO  [org.wildfly.extension.undertow] (MSC service thread 1-5) WFLYUT0018: Host default-host starting
2020-12-22 18:41:42,576 INFO  [org.jboss.as.patching] (MSC service thread 1-8) WFLYPAT0050: WildFly Full cumulative patch ID is: base, one-off patches include: none
2020-12-22 18:41:42,602 WARN  [org.jboss.as.domain.management.security] (MSC service thread 1-7) WFLYDM0111: Keystore c:\enterprise\wildfly-18.0.1.Final\domain\configuration\application.keystore not found, it will be auto generated on first use with a self signed certificate for host localhost
2020-12-22 18:41:43,066 INFO  [org.wildfly.extension.undertow] (MSC service thread 1-8) WFLYUT0006: Undertow HTTP listener default listening on 127.0.0.1:8230
2020-12-22 18:41:43,081 INFO  [org.wildfly.extension.undertow] (MSC service thread 1-7) WFLYUT0006: Undertow HTTPS listener https listening on 127.0.0.1:8593
2020-12-22 18:41:43,116 INFO  [org.wildfly.extension.messaging-activemq] (MSC service thread 1-2) WFLYMSGAMQ0001: AIO wasn't located on this platform, it will fall back to using pure Java NIO.
2020-12-22 18:41:43,202 INFO  [org.jboss.as.ejb3] (MSC service thread 1-6) WFLYEJB0493: EJB subsystem suspension complete
2020-12-22 18:41:43,351 INFO  [org.jboss.ws.common.management] (MSC service thread 1-5) JBWS022052: Starting JBossWS 5.3.0.Final (Apache CXF 3.3.3) 
2020-12-22 18:41:43,392 INFO  [org.jboss.as.connector.subsystems.datasources] (MSC service thread 1-6) WFLYJCA0001: Bound data source [java:jboss/datasources/ExampleDS]
2020-12-22 18:41:43,404 INFO  [org.apache.activemq.artemis.core.server] (ServerService Thread Pool -- 76) AMQ221000: live Message Broker is starting with configuration Broker Configuration (clustered=false,journalDirectory=c:\enterprise\wildfly-18.0.1.Final\domain\servers\server-two\data\activemq\journal,bindingsDirectory=c:\enterprise\wildfly-18.0.1.Final\domain\servers\server-two\data\activemq\bindings,largeMessagesDirectory=c:\enterprise\wildfly-18.0.1.Final\domain\servers\server-two\data\activemq\largemessages,pagingDirectory=c:\enterprise\wildfly-18.0.1.Final\domain\servers\server-two\data\activemq\paging)
2020-12-22 18:41:43,469 INFO  [org.apache.activemq.artemis.core.server] (ServerService Thread Pool -- 76) AMQ221013: Using NIO Journal
2020-12-22 18:41:43,540 INFO  [org.wildfly.iiop.openjdk] (MSC service thread 1-3) WFLYIIOP0009: CORBA ORB Service started
2020-12-22 18:41:43,591 INFO  [org.apache.activemq.artemis.core.server] (ServerService Thread Pool -- 76) AMQ221043: Protocol module found: [artemis-server]. Adding protocol support for: CORE
2020-12-22 18:41:43,593 INFO  [org.apache.activemq.artemis.core.server] (ServerService Thread Pool -- 76) AMQ221043: Protocol module found: [artemis-amqp-protocol]. Adding protocol support for: AMQP
2020-12-22 18:41:43,593 INFO  [org.apache.activemq.artemis.core.server] (ServerService Thread Pool -- 76) AMQ221043: Protocol module found: [artemis-hornetq-protocol]. Adding protocol support for: HORNETQ
2020-12-22 18:41:43,593 INFO  [org.apache.activemq.artemis.core.server] (ServerService Thread Pool -- 76) AMQ221043: Protocol module found: [artemis-stomp-protocol]. Adding protocol support for: STOMP
2020-12-22 18:41:43,696 INFO  [org.apache.activemq.artemis.core.server] (ServerService Thread Pool -- 76) AMQ221034: Waiting indefinitely to obtain live lock
2020-12-22 18:41:43,696 INFO  [org.apache.activemq.artemis.core.server] (ServerService Thread Pool -- 76) AMQ221035: Live Server Obtained live lock
2020-12-22 18:41:44,643 INFO  [org.wildfly.extension.messaging-activemq] (MSC service thread 1-3) WFLYMSGAMQ0016: Registered HTTP upgrade for activemq-remoting protocol handled by http-acceptor-throughput acceptor
2020-12-22 18:41:44,644 INFO  [org.wildfly.extension.messaging-activemq] (MSC service thread 1-6) WFLYMSGAMQ0016: Registered HTTP upgrade for activemq-remoting protocol handled by http-acceptor acceptor
2020-12-22 18:41:44,644 INFO  [org.wildfly.extension.messaging-activemq] (MSC service thread 1-7) WFLYMSGAMQ0016: Registered HTTP upgrade for activemq-remoting protocol handled by http-acceptor acceptor
2020-12-22 18:41:44,644 INFO  [org.wildfly.extension.messaging-activemq] (MSC service thread 1-1) WFLYMSGAMQ0016: Registered HTTP upgrade for activemq-remoting protocol handled by http-acceptor-throughput acceptor
2020-12-22 18:41:44,785 INFO  [org.apache.activemq.artemis.core.server] (ServerService Thread Pool -- 76) AMQ221007: Server is now live
2020-12-22 18:41:44,785 INFO  [org.apache.activemq.artemis.core.server] (ServerService Thread Pool -- 76) AMQ221001: Apache ActiveMQ Artemis Message Broker version 2.10.1 [default, nodeID=25524612-3c93-11eb-a67c-e4b318dd5ce8] 
2020-12-22 18:41:44,813 INFO  [org.wildfly.extension.messaging-activemq] (ServerService Thread Pool -- 79) WFLYMSGAMQ0002: Bound messaging object to jndi name java:jboss/exported/jms/RemoteConnectionFactory
2020-12-22 18:41:44,815 INFO  [org.wildfly.extension.messaging-activemq] (ServerService Thread Pool -- 78) WFLYMSGAMQ0002: Bound messaging object to jndi name java:/ConnectionFactory
2020-12-22 18:41:44,878 INFO  [org.jboss.as.connector.deployment] (MSC service thread 1-3) WFLYJCA0007: Registered connection factory java:/JmsXA
2020-12-22 18:41:44,953 INFO  [org.apache.activemq.artemis.ra] (MSC service thread 1-3) AMQ151007: Resource adaptor started
2020-12-22 18:41:44,953 INFO  [org.jboss.as.connector.services.resourceadapters.ResourceAdapterActivatorService$ResourceAdapterActivator] (MSC service thread 1-3) IJ020002: Deployed: file://RaActivatoractivemq-ra
2020-12-22 18:41:44,955 INFO  [org.jboss.as.connector.deployment] (MSC service thread 1-1) WFLYJCA0002: Bound JCA ConnectionFactory [java:/JmsXA]
2020-12-22 18:41:44,955 INFO  [org.jboss.as.connector.deployment] (MSC service thread 1-4) WFLYJCA0118: Binding connection factory named java:/JmsXA to alias java:jboss/DefaultJMSConnectionFactory
2020-12-22 18:41:45,383 INFO  [org.jboss.as.server] (Controller Boot Thread) WFLYSRV0212: Resuming server
2020-12-22 18:41:45,390 INFO  [org.jboss.as] (Controller Boot Thread) WFLYSRV0025: WildFly Full 18.0.1.Final (WildFly Core 10.0.3.Final) started in 14899ms - Started 335 of 601 services (380 services are lazy, passive or on-demand)
2020-12-22 18:44:01,464 INFO  [org.jboss.as.server.deployment] (MSC service thread 1-1) WFLYSRV0027: Starting deployment of "ec-project-ear.ear" (runtime-name: "ec-project-ear.ear")
2020-12-22 18:44:02,653 INFO  [org.jboss.as.server.deployment] (MSC service thread 1-5) WFLYSRV0207: Starting subdeployment (runtime-name: "ec-project-setup-web.war")
2020-12-22 18:44:02,653 INFO  [org.jboss.as.server.deployment] (MSC service thread 1-6) WFLYSRV0207: Starting subdeployment (runtime-name: "ejb-project-web.war")
2020-12-22 18:44:04,225 WARN  [org.jboss.as.server.deployment] (MSC service thread 1-5) WFLYSRV0059: Class Path entry weka.jar, in /c:/enterprise/wildfly-18.0.1.Final/content/ec-project-ear.ear/ejb-project-web.war/WEB-INF/lib/ejb-project.jar  does not point to a valid jar for a Class-Path reference.
2020-12-22 18:44:15,397 WARN  [org.jboss.as.server.deployment] (MSC service thread 1-3) WFLYSRV0059: Class Path entry weka.jar in /c:/enterprise/wildfly-18.0.1.Final/content/ec-project-ear.ear/ec-project-setup-web.war/WEB-INF/classes  does not point to a valid jar for a Class-Path reference.
2020-12-22 18:44:15,402 WARN  [org.jboss.as.server.deployment] (MSC service thread 1-3) WFLYSRV0059: Class Path entry java-cup-11a-runtime.jar in /c:/enterprise/wildfly-18.0.1.Final/content/ec-project-ear.ear/ec-project-setup-web.war/WEB-INF/lib/java-cup-11b-2015.03.26.jar  does not point to a valid jar for a Class-Path reference.
2020-12-22 18:44:17,622 INFO  [org.jboss.as.jpa] (MSC service thread 1-1) WFLYJPA0002: Read persistence.xml for primary
2020-12-22 18:44:17,639 INFO  [org.jboss.as.jpa] (MSC service thread 1-3) WFLYJPA0002: Read persistence.xml for primary
2020-12-22 18:44:18,564 WARN  [org.jboss.as.dependency.private] (MSC service thread 1-7) WFLYSRV0018: Deployment "deployment.ec-project-ear.ear.ejb-project-web.war" is using a private module ("org.apache.commons.io") which may be changed or removed in future versions without notice.
2020-12-22 18:44:18,566 WARN  [org.jboss.as.dependency.private] (MSC service thread 1-7) WFLYSRV0018: Deployment "deployment.ec-project-ear.ear.ejb-project-web.war" is using a private module ("org.apache.commons.fileupload") which may be changed or removed in future versions without notice.
2020-12-22 18:44:18,786 INFO  [org.jboss.weld.deployer] (MSC service thread 1-4) WFLYWELD0003: Processing weld deployment ec-project-ear.ear
2020-12-22 18:44:20,011 INFO  [org.hibernate.validator.internal.util.Version] (MSC service thread 1-4) HV000001: Hibernate Validator 6.0.18.Final
2020-12-22 18:44:20,037 INFO  [org.infinispan.factories.GlobalComponentRegistry] (MSC service thread 1-8) ISPN000128: Infinispan version: Infinispan 'Infinity Minus ONE +2' 9.4.16.Final
2020-12-22 18:44:20,762 INFO  [org.jboss.weld.deployer] (MSC service thread 1-7) WFLYWELD0003: Processing weld deployment ec-project-setup-web.war
2020-12-22 18:44:20,769 INFO  [org.jboss.weld.deployer] (MSC service thread 1-5) WFLYWELD0003: Processing weld deployment ejb-project-web.war
2020-12-22 18:44:20,821 INFO  [org.jboss.as.ejb3.deployment] (MSC service thread 1-7) WFLYEJB0473: JNDI bindings for session bean named 'DataSaverDB' in deployment unit 'subdeployment "ec-project-setup-web.war" of deployment "ec-project-ear.ear"' are as follows:

	java:global/ec-project-ear/ec-project-setup/DataSaverDB!ec.project.beans.DataSaverDB
	java:app/ec-project-setup/DataSaverDB!ec.project.beans.DataSaverDB
	java:module/DataSaverDB!ec.project.beans.DataSaverDB
	ejb:ec-project-ear/ec-project-setup/DataSaverDB!ec.project.beans.DataSaverDB
	java:global/ec-project-ear/ec-project-setup/DataSaverDB
	java:app/ec-project-setup/DataSaverDB
	java:module/DataSaverDB

2020-12-22 18:44:20,823 INFO  [org.jboss.as.ejb3.deployment] (MSC service thread 1-5) WFLYEJB0473: JNDI bindings for session bean named 'EvaluationEJBStateless' in deployment unit 'subdeployment "ejb-project-web.war" of deployment "ec-project-ear.ear"' are as follows:

	java:global/ec-project-ear/ejb-project-web/EvaluationEJBStateless!ec.project.beans.EvaluationEJBStatelessRemote
	java:app/ejb-project-web/EvaluationEJBStateless!ec.project.beans.EvaluationEJBStatelessRemote
	java:module/EvaluationEJBStateless!ec.project.beans.EvaluationEJBStatelessRemote
	java:jboss/exported/ec-project-ear/ejb-project-web/EvaluationEJBStateless!ec.project.beans.EvaluationEJBStatelessRemote
	ejb:ec-project-ear/ejb-project-web/EvaluationEJBStateless!ec.project.beans.EvaluationEJBStatelessRemote
	java:global/ec-project-ear/ejb-project-web/EvaluationEJBStateless!ec.project.beans.EvaluationEJBStateless
	java:app/ejb-project-web/EvaluationEJBStateless!ec.project.beans.EvaluationEJBStateless
	java:module/EvaluationEJBStateless!ec.project.beans.EvaluationEJBStateless
	ejb:ec-project-ear/ejb-project-web/EvaluationEJBStateless!ec.project.beans.EvaluationEJBStateless
	java:global/ec-project-ear/ejb-project-web/EvaluationEJBStateless!ec.project.beans.EvaluationEJBStatelessLocal
	java:app/ejb-project-web/EvaluationEJBStateless!ec.project.beans.EvaluationEJBStatelessLocal
	java:module/EvaluationEJBStateless!ec.project.beans.EvaluationEJBStatelessLocal
	ejb:ec-project-ear/ejb-project-web/EvaluationEJBStateless!ec.project.beans.EvaluationEJBStatelessLocal

2020-12-22 18:44:20,824 INFO  [org.jboss.as.ejb3.deployment] (MSC service thread 1-5) WFLYEJB0473: JNDI bindings for session bean named 'ModelEJBSingleton' in deployment unit 'subdeployment "ejb-project-web.war" of deployment "ec-project-ear.ear"' are as follows:

	java:global/ec-project-ear/ejb-project-web/ModelEJBSingleton!ec.project.beans.ModelEJBSingletonRemote
	java:app/ejb-project-web/ModelEJBSingleton!ec.project.beans.ModelEJBSingletonRemote
	java:module/ModelEJBSingleton!ec.project.beans.ModelEJBSingletonRemote
	java:jboss/exported/ec-project-ear/ejb-project-web/ModelEJBSingleton!ec.project.beans.ModelEJBSingletonRemote
	ejb:ec-project-ear/ejb-project-web/ModelEJBSingleton!ec.project.beans.ModelEJBSingletonRemote
	java:global/ec-project-ear/ejb-project-web/ModelEJBSingleton!ec.project.beans.ModelEJBSingletonLocal
	java:app/ejb-project-web/ModelEJBSingleton!ec.project.beans.ModelEJBSingletonLocal
	java:module/ModelEJBSingleton!ec.project.beans.ModelEJBSingletonLocal
	ejb:ec-project-ear/ejb-project-web/ModelEJBSingleton!ec.project.beans.ModelEJBSingletonLocal
	java:global/ec-project-ear/ejb-project-web/ModelEJBSingleton!ec.project.beans.ModelEJBSingleton
	java:app/ejb-project-web/ModelEJBSingleton!ec.project.beans.ModelEJBSingleton
	java:module/ModelEJBSingleton!ec.project.beans.ModelEJBSingleton
	ejb:ec-project-ear/ejb-project-web/ModelEJBSingleton!ec.project.beans.ModelEJBSingleton

2020-12-22 18:44:20,824 INFO  [org.jboss.as.ejb3.deployment] (MSC service thread 1-5) WFLYEJB0473: JNDI bindings for session bean named 'EvaluationEJBSingleton' in deployment unit 'subdeployment "ejb-project-web.war" of deployment "ec-project-ear.ear"' are as follows:

	java:global/ec-project-ear/ejb-project-web/EvaluationEJBSingleton!ec.project.beans.EvaluationEJBSingletonLocal
	java:app/ejb-project-web/EvaluationEJBSingleton!ec.project.beans.EvaluationEJBSingletonLocal
	java:module/EvaluationEJBSingleton!ec.project.beans.EvaluationEJBSingletonLocal
	ejb:ec-project-ear/ejb-project-web/EvaluationEJBSingleton!ec.project.beans.EvaluationEJBSingletonLocal
	java:global/ec-project-ear/ejb-project-web/EvaluationEJBSingleton!ec.project.beans.EvaluationEJBSingleton
	java:app/ejb-project-web/EvaluationEJBSingleton!ec.project.beans.EvaluationEJBSingleton
	java:module/EvaluationEJBSingleton!ec.project.beans.EvaluationEJBSingleton
	ejb:ec-project-ear/ejb-project-web/EvaluationEJBSingleton!ec.project.beans.EvaluationEJBSingleton
	java:global/ec-project-ear/ejb-project-web/EvaluationEJBSingleton!ec.project.beans.EvaluationEJBSingletonRemote
	java:app/ejb-project-web/EvaluationEJBSingleton!ec.project.beans.EvaluationEJBSingletonRemote
	java:module/EvaluationEJBSingleton!ec.project.beans.EvaluationEJBSingletonRemote
	java:jboss/exported/ec-project-ear/ejb-project-web/EvaluationEJBSingleton!ec.project.beans.EvaluationEJBSingletonRemote
	ejb:ec-project-ear/ejb-project-web/EvaluationEJBSingleton!ec.project.beans.EvaluationEJBSingletonRemote

2020-12-22 18:44:20,825 INFO  [org.jboss.as.ejb3.deployment] (MSC service thread 1-5) WFLYEJB0473: JNDI bindings for session bean named 'SecurityGuard' in deployment unit 'subdeployment "ejb-project-web.war" of deployment "ec-project-ear.ear"' are as follows:

	java:global/ec-project-ear/ejb-project-web/SecurityGuard!ec.project.beans.SecurityGuard
	java:app/ejb-project-web/SecurityGuard!ec.project.beans.SecurityGuard
	java:module/SecurityGuard!ec.project.beans.SecurityGuard
	ejb:ec-project-ear/ejb-project-web/SecurityGuard!ec.project.beans.SecurityGuard
	java:global/ec-project-ear/ejb-project-web/SecurityGuard!ec.project.beans.SecurityLocal
	java:app/ejb-project-web/SecurityGuard!ec.project.beans.SecurityLocal
	java:module/SecurityGuard!ec.project.beans.SecurityLocal
	ejb:ec-project-ear/ejb-project-web/SecurityGuard!ec.project.beans.SecurityLocal

2020-12-22 18:44:20,825 INFO  [org.jboss.as.ejb3.deployment] (MSC service thread 1-5) WFLYEJB0473: JNDI bindings for session bean named 'UsersEJBStateful' in deployment unit 'subdeployment "ejb-project-web.war" of deployment "ec-project-ear.ear"' are as follows:

	java:global/ec-project-ear/ejb-project-web/UsersEJBStateful!ec.project.beans.UsersEJBStatefulRemote
	java:app/ejb-project-web/UsersEJBStateful!ec.project.beans.UsersEJBStatefulRemote
	java:module/UsersEJBStateful!ec.project.beans.UsersEJBStatefulRemote
	java:jboss/exported/ec-project-ear/ejb-project-web/UsersEJBStateful!ec.project.beans.UsersEJBStatefulRemote
	ejb:ec-project-ear/ejb-project-web/UsersEJBStateful!ec.project.beans.UsersEJBStatefulRemote
	java:global/ec-project-ear/ejb-project-web/UsersEJBStateful!ec.project.beans.UsersEJBStateful
	java:app/ejb-project-web/UsersEJBStateful!ec.project.beans.UsersEJBStateful
	java:module/UsersEJBStateful!ec.project.beans.UsersEJBStateful
	ejb:ec-project-ear/ejb-project-web/UsersEJBStateful!ec.project.beans.UsersEJBStateful
	java:global/ec-project-ear/ejb-project-web/UsersEJBStateful!ec.project.beans.UsersEJBStatefulLocal
	java:app/ejb-project-web/UsersEJBStateful!ec.project.beans.UsersEJBStatefulLocal
	java:module/UsersEJBStateful!ec.project.beans.UsersEJBStatefulLocal
	ejb:ec-project-ear/ejb-project-web/UsersEJBStateful!ec.project.beans.UsersEJBStatefulLocal

2020-12-22 18:44:20,826 INFO  [org.jboss.as.ejb3.deployment] (MSC service thread 1-5) WFLYEJB0473: JNDI bindings for session bean named 'ModelEJBStateful' in deployment unit 'subdeployment "ejb-project-web.war" of deployment "ec-project-ear.ear"' are as follows:

	java:global/ec-project-ear/ejb-project-web/ModelEJBStateful!ec.project.beans.ModelEJBStatefulLocal
	java:app/ejb-project-web/ModelEJBStateful!ec.project.beans.ModelEJBStatefulLocal
	java:module/ModelEJBStateful!ec.project.beans.ModelEJBStatefulLocal
	ejb:ec-project-ear/ejb-project-web/ModelEJBStateful!ec.project.beans.ModelEJBStatefulLocal?stateful
	java:global/ec-project-ear/ejb-project-web/ModelEJBStateful!ec.project.beans.ModelEJBStatefulRemote
	java:app/ejb-project-web/ModelEJBStateful!ec.project.beans.ModelEJBStatefulRemote
	java:module/ModelEJBStateful!ec.project.beans.ModelEJBStatefulRemote
	java:jboss/exported/ec-project-ear/ejb-project-web/ModelEJBStateful!ec.project.beans.ModelEJBStatefulRemote
	ejb:ec-project-ear/ejb-project-web/ModelEJBStateful!ec.project.beans.ModelEJBStatefulRemote?stateful
	java:global/ec-project-ear/ejb-project-web/ModelEJBStateful!ec.project.beans.ModelEJBStateful
	java:app/ejb-project-web/ModelEJBStateful!ec.project.beans.ModelEJBStateful
	java:module/ModelEJBStateful!ec.project.beans.ModelEJBStateful
	ejb:ec-project-ear/ejb-project-web/ModelEJBStateful!ec.project.beans.ModelEJBStateful?stateful

2020-12-22 18:44:20,826 INFO  [org.jboss.as.ejb3.deployment] (MSC service thread 1-5) WFLYEJB0473: JNDI bindings for session bean named 'UsersEJBSingleton' in deployment unit 'subdeployment "ejb-project-web.war" of deployment "ec-project-ear.ear"' are as follows:

	java:global/ec-project-ear/ejb-project-web/UsersEJBSingleton!ec.project.beans.UsersEJBSingleton
	java:app/ejb-project-web/UsersEJBSingleton!ec.project.beans.UsersEJBSingleton
	java:module/UsersEJBSingleton!ec.project.beans.UsersEJBSingleton
	ejb:ec-project-ear/ejb-project-web/UsersEJBSingleton!ec.project.beans.UsersEJBSingleton
	java:global/ec-project-ear/ejb-project-web/UsersEJBSingleton!ec.project.beans.UsersEJBSingletonLocal
	java:app/ejb-project-web/UsersEJBSingleton!ec.project.beans.UsersEJBSingletonLocal
	java:module/UsersEJBSingleton!ec.project.beans.UsersEJBSingletonLocal
	ejb:ec-project-ear/ejb-project-web/UsersEJBSingleton!ec.project.beans.UsersEJBSingletonLocal
	java:global/ec-project-ear/ejb-project-web/UsersEJBSingleton!ec.project.beans.UsersEJBSingletonRemote
	java:app/ejb-project-web/UsersEJBSingleton!ec.project.beans.UsersEJBSingletonRemote
	java:module/UsersEJBSingleton!ec.project.beans.UsersEJBSingletonRemote
	java:jboss/exported/ec-project-ear/ejb-project-web/UsersEJBSingleton!ec.project.beans.UsersEJBSingletonRemote
	ejb:ec-project-ear/ejb-project-web/UsersEJBSingleton!ec.project.beans.UsersEJBSingletonRemote

2020-12-22 18:44:20,826 INFO  [org.jboss.as.ejb3.deployment] (MSC service thread 1-5) WFLYEJB0473: JNDI bindings for session bean named 'ModelEJBStateless' in deployment unit 'subdeployment "ejb-project-web.war" of deployment "ec-project-ear.ear"' are as follows:

	java:global/ec-project-ear/ejb-project-web/ModelEJBStateless!ec.project.beans.ModelEJBStateless
	java:app/ejb-project-web/ModelEJBStateless!ec.project.beans.ModelEJBStateless
	java:module/ModelEJBStateless!ec.project.beans.ModelEJBStateless
	ejb:ec-project-ear/ejb-project-web/ModelEJBStateless!ec.project.beans.ModelEJBStateless
	java:global/ec-project-ear/ejb-project-web/ModelEJBStateless!ec.project.beans.ModelEJBStatelessLocal
	java:app/ejb-project-web/ModelEJBStateless!ec.project.beans.ModelEJBStatelessLocal
	java:module/ModelEJBStateless!ec.project.beans.ModelEJBStatelessLocal
	ejb:ec-project-ear/ejb-project-web/ModelEJBStateless!ec.project.beans.ModelEJBStatelessLocal
	java:global/ec-project-ear/ejb-project-web/ModelEJBStateless!ec.project.beans.ModelEJBStatelessRemote
	java:app/ejb-project-web/ModelEJBStateless!ec.project.beans.ModelEJBStatelessRemote
	java:module/ModelEJBStateless!ec.project.beans.ModelEJBStatelessRemote
	java:jboss/exported/ec-project-ear/ejb-project-web/ModelEJBStateless!ec.project.beans.ModelEJBStatelessRemote
	ejb:ec-project-ear/ejb-project-web/ModelEJBStateless!ec.project.beans.ModelEJBStatelessRemote

2020-12-22 18:44:21,571 INFO  [org.jboss.weld.Version] (MSC service thread 1-5) WELD-000900: 3.1.2 (Final)
2020-12-22 18:44:22,244 INFO  [org.jboss.as.clustering.infinispan] (ServerService Thread Pool -- 25) WFLYCLINF0002: Started client-mappings cache from ejb container
2020-12-22 18:44:22,775 WARN  [org.jboss.as.jaxrs] (MSC service thread 1-1) WFLYRS0018: Explicit usage of Jackson annotation in a JAX-RS deployment; the system will disable JSON-B processing for the current deployment. Consider setting the 'resteasy.preferJacksonOverJsonB' property to 'false' to restore JSON-B.
2020-12-22 18:44:22,780 INFO  [org.jboss.as.connector.deployers.jdbc] (MSC service thread 1-1) WFLYJCA0004: Deploying JDBC-compliant driver class org.h2.Driver (version 1.4)
2020-12-22 18:44:22,871 INFO  [org.jboss.as.connector.deployers.jdbc] (MSC service thread 1-1) WFLYJCA0005: Deploying non-JDBC-compliant driver class com.mysql.cj.jdbc.Driver (version 8.0)
2020-12-22 18:44:24,372 INFO  [org.jboss.as.connector.deployers.jdbc] (MSC service thread 1-1) WFLYJCA0018: Started Driver service with driver-name = ec-project-setup-web.war_com.mysql.cj.jdbc.Driver_8_0
2020-12-22 18:44:24,425 INFO  [org.jboss.as.connector.deployers.jdbc] (MSC service thread 1-2) WFLYJCA0018: Started Driver service with driver-name = ec-project-setup-web.war
2020-12-22 18:44:24,416 INFO  [org.jboss.as.connector.deployers.jdbc] (MSC service thread 1-3) WFLYJCA0018: Started Driver service with driver-name = ec-project-setup-web.war_org.h2.Driver_1_4
2020-12-22 18:44:24,617 ERROR [org.jboss.as.controller.management-operation] (ServerService Thread Pool -- 20) WFLYCTL0013: Operation ("add") failed - address: ([("deployment" => "ec-project-ear.ear")]) - failure description: {
    "WFLYCTL0412: Required services that are not installed:" => ["jboss.naming.context.java.MySqlDS"],
    "WFLYCTL0180: Services with missing/unavailable dependencies" => [
        "jboss.persistenceunit.\"ec-project-ear.ear/ejb-project-web.war#primary\".__FIRST_PHASE__ is missing [jboss.naming.context.java.MySqlDS]",
        "jboss.persistenceunit.\"ec-project-ear.ear/ec-project-setup-web.war#primary\".__FIRST_PHASE__ is missing [jboss.naming.context.java.MySqlDS]",
        "jboss.persistenceunit.\"ec-project-ear.ear/ejb-project-web.war#primary\" is missing [jboss.naming.context.java.MySqlDS]",
        "jboss.persistenceunit.\"ec-project-ear.ear/ec-project-setup-web.war#primary\" is missing [jboss.naming.context.java.MySqlDS]"
    ]
}
2020-12-22 18:44:24,623 ERROR [org.jboss.as.server] (ServerService Thread Pool -- 20) WFLYSRV0021: Deploy of deployment "ec-project-ear.ear" was rolled back with the following failure message: 
{
    "WFLYCTL0412: Required services that are not installed:" => ["jboss.naming.context.java.MySqlDS"],
    "WFLYCTL0180: Services with missing/unavailable dependencies" => [
        "jboss.persistenceunit.\"ec-project-ear.ear/ejb-project-web.war#primary\".__FIRST_PHASE__ is missing [jboss.naming.context.java.MySqlDS]",
        "jboss.persistenceunit.\"ec-project-ear.ear/ec-project-setup-web.war#primary\".__FIRST_PHASE__ is missing [jboss.naming.context.java.MySqlDS]",
        "jboss.persistenceunit.\"ec-project-ear.ear/ejb-project-web.war#primary\" is missing [jboss.naming.context.java.MySqlDS]",
        "jboss.persistenceunit.\"ec-project-ear.ear/ec-project-setup-web.war#primary\" is missing [jboss.naming.context.java.MySqlDS]"
    ]
}
2020-12-22 18:44:24,698 INFO  [org.jboss.as.connector.deployers.jdbc] (MSC service thread 1-4) WFLYJCA0019: Stopped Driver service with driver-name = ec-project-setup-web.war_com.mysql.cj.jdbc.Driver_8_0
2020-12-22 18:44:24,698 INFO  [org.jboss.as.connector.deployers.jdbc] (MSC service thread 1-8) WFLYJCA0019: Stopped Driver service with driver-name = ec-project-setup-web.war_org.h2.Driver_1_4
2020-12-22 18:44:24,699 INFO  [org.jboss.as.connector.deployers.jdbc] (MSC service thread 1-8) WFLYJCA0019: Stopped Driver service with driver-name = ec-project-setup-web.war
2020-12-22 18:44:24,956 INFO  [org.jboss.as.server.deployment] (MSC service thread 1-4) WFLYSRV0208: Stopped subdeployment (runtime-name: ejb-project-web.war) in 319ms
2020-12-22 18:44:25,377 INFO  [org.jboss.as.server.deployment] (MSC service thread 1-1) WFLYSRV0208: Stopped subdeployment (runtime-name: ec-project-setup-web.war) in 741ms
2020-12-22 18:44:25,386 INFO  [org.jboss.as.server.deployment] (MSC service thread 1-1) WFLYSRV0028: Stopped deployment ec-project-ear.ear (runtime-name: ec-project-ear.ear) in 759ms
